操作人：(用户名:,管理员名:,IP:192.168.1.5)
时间：(2017/1/6 21:02:44),操作：(fileup),来源：(/Plugins/Uploadify/UploadFileHandler.ashx?)
详情：(By:Global_CheckUpladFiles,文件名：8.jpg)
/*-----------------------------------------------------------------------------------*/ 
 
操作人：(用户名:wx20170105185245qt,管理员名:admin,IP:192.168.1.5)
时间：(2017/1/6 21:02:45),操作：(fileup),来源：(/Plugins/Uploadify/UploadFileHandler.ashx?)
详情：(上传成功|文件名:8.jpg|保存路径:/UploadFiles/wx20170105185245qt1485/20170106/)
/*-----------------------------------------------------------------------------------*/ 
 
操作人：(用户名:,管理员名:,IP:192.168.1.5)
时间：(2017/1/6 21:05:56),操作：(fileup),来源：(/Plugins/Uploadify/UploadFileHandler.ashx?)
详情：(By:Global_CheckUpladFiles,文件名：1.jpg)
/*-----------------------------------------------------------------------------------*/ 
 
操作人：(用户名:wx20170105185245qt,管理员名:admin,IP:192.168.1.5)
时间：(2017/1/6 21:05:56),操作：(fileup),来源：(/Plugins/Uploadify/UploadFileHandler.ashx?)
详情：(上传成功|文件名:1.jpg|保存路径:/UploadFiles/wx20170105185245qt1485/20170106/)
/*-----------------------------------------------------------------------------------*/ 
 
操作人：(用户名:,管理员名:,IP:192.168.1.5)
时间：(2017/1/6 21:30:49),操作：(fileup),来源：(/Plugins/Uploadify/UploadFileHandler.ashx?)
详情：(By:Global_CheckUpladFiles,文件名：6360644913479695991434188.jpg)
/*-----------------------------------------------------------------------------------*/ 
 
操作人：(用户名:wx20170105185245qt,管理员名:admin,IP:192.168.1.5)
时间：(2017/1/6 21:30:49),操作：(fileup),来源：(/Plugins/Uploadify/UploadFileHandler.ashx?)
详情：(上传成功|文件名:6360644913479695991434188.jpg|保存路径:/UploadFiles/wx20170105185245qt1485/20170106/)
/*-----------------------------------------------------------------------------------*/ 
 
操作人：(用户名:,管理员名:,IP:192.168.1.5)
时间：(2017/1/6 21:39:06),操作：(fileup),来源：(/Plugins/Uploadify/UploadFileHandler.ashx?)
详情：(By:Global_CheckUpladFiles,文件名：6360644913479695991434188.jpg)
/*-----------------------------------------------------------------------------------*/ 
 
操作人：(用户名:wx20170105185245qt,管理员名:admin,IP:192.168.1.5)
时间：(2017/1/6 21:39:06),操作：(fileup),来源：(/Plugins/Uploadify/UploadFileHandler.ashx?)
详情：(上传成功|文件名:6360644913479695991434188.jpg|保存路径:/UploadFiles/wx20170105185245qt1485/20170106/)
/*-----------------------------------------------------------------------------------*/ 
 
操作人：(用户名:,管理员名:,IP:192.168.1.5)
时间：(2017/1/6 21:53:52),操作：(fileup),来源：(/Plugins/Uploadify/UploadFileHandler.ashx?)
详情：(By:Global_CheckUpladFiles,文件名：6360644913479695991434188.jpg)
/*-----------------------------------------------------------------------------------*/ 
 
操作人：(用户名:wx20170105185245qt,管理员名:admin,IP:192.168.1.5)
时间：(2017/1/6 21:53:52),操作：(fileup),来源：(/Plugins/Uploadify/UploadFileHandler.ashx?)
详情：(上传成功|文件名:6360644913479695991434188.jpg|保存路径:/UploadFiles/wx20170105185245qt1485/20170106/)
/*-----------------------------------------------------------------------------------*/ 
 
操作人：(用户名:,管理员名:,IP:223.104.5.230)
时间：(2017/1/9 19:00:51),操作：(fileup),来源：(/Plugins/Ueditor/net/bar.ashx?SourceUrl=EditContent%3FCateID%3D4%26ID%3D-1&action=uploadimage)
详情：(By:Global_CheckUpladFiles,文件名：IMG_20161210_112458.jpg)
/*-----------------------------------------------------------------------------------*/ 
 
操作人：(用户名:,管理员名:,IP:223.104.5.230)
时间：(2017/1/9 19:01:01),操作：(fileup),来源：(/Plugins/Ueditor/net/bar.ashx?SourceUrl=EditContent%3FCateID%3D4%26ID%3D-1&action=uploadimage)
详情：(By:Global_CheckUpladFiles,文件名：IMG_20161210_112458.jpg)
/*-----------------------------------------------------------------------------------*/ 
 
操作人：(用户名:,管理员名:,IP:180.173.121.26)
时间：(2017/1/10 9:04:23),操作：(fileup),来源：(/Plugins/Ueditor/net/bar.ashx?SourceUrl=EditContent%3FCateID%3D4%26ID%3D-1&action=uploadimage)
详情：(By:Global_CheckUpladFiles,文件名：虾青素详情页2.jpg)
/*-----------------------------------------------------------------------------------*/ 
 
操作人：(用户名:,管理员名:,IP:180.173.121.26)
时间：(2017/1/10 9:30:06),操作：(fileup),来源：(/Plugins/Uploadify/UploadFileHandler.ashx?)
详情：(By:Global_CheckUpladFiles,文件名：IMG_20161210_112841.jpg)
/*-----------------------------------------------------------------------------------*/ 
 
操作人：(用户名:,管理员名:,IP:180.173.121.26)
时间：(2017/1/10 9:30:07),操作：(fileup),来源：(/Plugins/Uploadify/UploadFileHandler.ashx?)
详情：(By:Global_CheckUpladFiles,文件名：IMG_20161210_112614.jpg)
/*-----------------------------------------------------------------------------------*/ 
 
操作人：(用户名:wx20160530090908c3,管理员名:,IP:180.173.121.26)
时间：(2017/1/10 9:30:07),操作：(fileup),来源：(/Plugins/Uploadify/UploadFileHandler.ashx?)
详情：(上传成功|文件名:IMG_20161210_112614.jpg|保存路径:/UploadFiles/wx20160530090908c317/20170110/)
/*-----------------------------------------------------------------------------------*/ 
 
操作人：(用户名:wx20160530090908c3,管理员名:,IP:180.173.121.26)
时间：(2017/1/10 9:30:08),操作：(fileup),来源：(/Plugins/Uploadify/UploadFileHandler.ashx?)
详情：(上传成功|文件名:IMG_20161210_112841.jpg|保存路径:/UploadFiles/wx20160530090908c317/20170110/)
/*-----------------------------------------------------------------------------------*/ 
 
操作人：(用户名:,管理员名:,IP:180.173.121.26)
时间：(2017/1/10 9:45:53),操作：(fileup),来源：(/Plugins/Uploadify/UploadFileHandler.ashx?)
详情：(By:Global_CheckUpladFiles,文件名：IMG_20161210_150626.jpg)
/*-----------------------------------------------------------------------------------*/ 
 
操作人：(用户名:wx20160530090908c3,管理员名:,IP:180.173.121.26)
时间：(2017/1/10 9:45:53),操作：(fileup),来源：(/Plugins/Uploadify/UploadFileHandler.ashx?)
详情：(上传成功|文件名:IMG_20161210_150626.jpg|保存路径:/UploadFiles/wx20160530090908c317/20170110/)
/*-----------------------------------------------------------------------------------*/ 
 
操作人：(用户名:,管理员名:,IP:180.173.121.26)
时间：(2017/1/10 10:41:05),操作：(fileup),来源：(/User/Com/SaveFile)
详情：(By:Global_CheckUpladFiles,文件名：hdImg_febaf8b5ef0335d99408f9df546c2db41478597789432.jpg)
/*-----------------------------------------------------------------------------------*/ 
 
操作人：(用户名:,管理员名:,IP:180.173.121.26)
时间：(2017/1/10 10:41:07),操作：(fileup),来源：(/User/Com/SaveFile)
详情：(By:Global_CheckUpladFiles,文件名：hdImg_febaf8b5ef0335d99408f9df546c2db41478597789432.jpg)
/*-----------------------------------------------------------------------------------*/ 
 
操作人：(用户名:,管理员名:,IP:180.173.121.26)
时间：(2017/1/10 10:54:57),操作：(fileup),来源：(/Plugins/Ueditor/net/bar.ashx?SourceUrl=EditContent%3FCateID%3D4%26ID%3D-1&action=uploadimage)
详情：(By:Global_CheckUpladFiles,文件名：IMG_20161210_112458.jpg)
/*-----------------------------------------------------------------------------------*/ 
 
操作人：(用户名:,管理员名:,IP:180.173.121.26)
时间：(2017/1/10 10:55:08),操作：(fileup),来源：(/Plugins/Ueditor/net/bar.ashx?SourceUrl=EditContent%3FCateID%3D4%26ID%3D-1&action=uploadimage)
详情：(By:Global_CheckUpladFiles,文件名：IMG_20161210_112458.jpg)
/*-----------------------------------------------------------------------------------*/ 
 
操作人：(用户名:,管理员名:,IP:180.173.116.223)
时间：(2017/2/13 9:24:12),操作：(fileup),来源：(/Plugins/Ueditor/net/bar.ashx?SourceUrl=PClass%3Fid%3D4&action=uploadimage)
详情：(By:Global_CheckUpladFiles,文件名：IMG_20161205_155553.jpg)
/*-----------------------------------------------------------------------------------*/ 
 
操作人：(用户名:,管理员名:,IP:192.168.1.16)
时间：(2017/2/16 15:37:11),操作：(fileup),来源：(/User/Com/SaveFile)
详情：(By:Global_CheckUpladFiles,文件名：1.png)
/*-----------------------------------------------------------------------------------*/ 
 
操作人：(用户名:,管理员名:,IP:192.168.1.16)
时间：(2017/2/16 15:37:25),操作：(fileup),来源：(/User/Com/SaveFile)
详情：(By:Global_CheckUpladFiles,文件名：wxheadimg.jpg)
/*-----------------------------------------------------------------------------------*/ 
 
操作人：(用户名:,管理员名:,IP:192.168.1.10)
时间：(2017/2/17 17:13:13),操作：(fileup),来源：(/Plugins/Uploadify/UploadFileHandler.ashx)
详情：(By:Global_CheckUpladFiles,文件名：14.jpg)
/*-----------------------------------------------------------------------------------*/ 
 
操作人：(用户名:,管理员名:,IP:192.168.1.10)
时间：(2017/2/17 17:15:06),操作：(fileup),来源：(/Plugins/Uploadify/UploadFileHandler.ashx)
详情：(By:Global_CheckUpladFiles,文件名：22.jpg)
/*-----------------------------------------------------------------------------------*/ 
 
操作人：(用户名:admin,管理员名:,IP:192.168.1.10)
时间：(2017/2/17 17:15:06),操作：(fileup),来源：(/Plugins/Uploadify/UploadFileHandler.ashx)
详情：(上传成功|文件名:22.jpg|保存路径:/UploadFiles/admin1/20170217/)
/*-----------------------------------------------------------------------------------*/ 
 
操作人：(用户名:,管理员名:,IP:192.168.1.10)
时间：(2017/2/17 17:18:34),操作：(fileup),来源：(/Plugins/Uploadify/UploadFileHandler.ashx)
详情：(By:Global_CheckUpladFiles,文件名：8.jpg)
/*-----------------------------------------------------------------------------------*/ 
 
操作人：(用户名:admin,管理员名:,IP:192.168.1.10)
时间：(2017/2/17 17:18:34),操作：(fileup),来源：(/Plugins/Uploadify/UploadFileHandler.ashx)
详情：(上传成功|文件名:8.jpg|保存路径:/UploadFiles/admin1/20170217/)
/*-----------------------------------------------------------------------------------*/ 
 
操作人：(用户名:,管理员名:,IP:192.168.1.10)
时间：(2017/2/17 17:25:30),操作：(fileup),来源：(/Plugins/Uploadify/UploadFileHandler.ashx)
详情：(By:Global_CheckUpladFiles,文件名：5.jpg)
/*-----------------------------------------------------------------------------------*/ 
 
操作人：(用户名:admin,管理员名:,IP:192.168.1.10)
时间：(2017/2/17 17:25:30),操作：(fileup),来源：(/Plugins/Uploadify/UploadFileHandler.ashx)
详情：(上传成功|文件名:5.jpg|保存路径:/UploadFiles/admin1/20170217/)
/*-----------------------------------------------------------------------------------*/ 
 
操作人：(用户名:,管理员名:,IP:192.168.1.10)
时间：(2017/2/17 17:28:29),操作：(fileup),来源：(/Plugins/Uploadify/UploadFileHandler.ashx)
详情：(By:Global_CheckUpladFiles,文件名：14.jpg)
/*-----------------------------------------------------------------------------------*/ 
 
操作人：(用户名:admin,管理员名:,IP:192.168.1.10)
时间：(2017/2/17 17:28:29),操作：(fileup),来源：(/Plugins/Uploadify/UploadFileHandler.ashx)
详情：(上传成功|文件名:14.jpg|保存路径:/UploadFiles/admin1/20170217/)
/*-----------------------------------------------------------------------------------*/ 
 
操作人：(用户名:,管理员名:,IP:192.168.1.10)
时间：(2017/2/17 17:28:55),操作：(fileup),来源：(/Plugins/Uploadify/UploadFileHandler.ashx)
详情：(By:Global_CheckUpladFiles,文件名：23.jpg)
/*-----------------------------------------------------------------------------------*/ 
 
操作人：(用户名:admin,管理员名:,IP:192.168.1.10)
时间：(2017/2/17 17:28:55),操作：(fileup),来源：(/Plugins/Uploadify/UploadFileHandler.ashx)
详情：(上传成功|文件名:23.jpg|保存路径:/UploadFiles/admin1/20170217/)
/*-----------------------------------------------------------------------------------*/ 
 
操作人：(用户名:,管理员名:,IP:192.168.1.10)
时间：(2017/2/17 17:30:25),操作：(fileup),来源：(/Plugins/Uploadify/UploadFileHandler.ashx)
详情：(By:Global_CheckUpladFiles,文件名：9.jpg)
/*-----------------------------------------------------------------------------------*/ 
 
操作人：(用户名:admin,管理员名:,IP:192.168.1.10)
时间：(2017/2/17 17:30:25),操作：(fileup),来源：(/Plugins/Uploadify/UploadFileHandler.ashx)
详情：(上传成功|文件名:9.jpg|保存路径:/UploadFiles/admin1/20170217/)
/*-----------------------------------------------------------------------------------*/ 
 
操作人：(用户名:,管理员名:,IP:192.168.1.10)
时间：(2017/2/17 17:35:53),操作：(fileup),来源：(/Plugins/Uploadify/UploadFileHandler.ashx)
详情：(By:Global_CheckUpladFiles,文件名：7.jpg)
/*-----------------------------------------------------------------------------------*/ 
 
操作人：(用户名:admin,管理员名:,IP:192.168.1.10)
时间：(2017/2/17 17:35:53),操作：(fileup),来源：(/Plugins/Uploadify/UploadFileHandler.ashx)
详情：(上传成功|文件名:7.jpg|保存路径:/UploadFiles/admin1/20170217/)
/*-----------------------------------------------------------------------------------*/ 
 
操作人：(用户名:,管理员名:,IP:192.168.1.10)
时间：(2017/2/17 17:36:53),操作：(fileup),来源：(/Plugins/Uploadify/UploadFileHandler.ashx)
详情：(By:Global_CheckUpladFiles,文件名：5.jpg)
/*-----------------------------------------------------------------------------------*/ 
 
操作人：(用户名:admin,管理员名:,IP:192.168.1.10)
时间：(2017/2/17 17:36:53),操作：(fileup),来源：(/Plugins/Uploadify/UploadFileHandler.ashx)
详情：(上传成功|文件名:5.jpg|保存路径:/UploadFiles/admin1/20170217/)
/*-----------------------------------------------------------------------------------*/ 
 
操作人：(用户名:,管理员名:,IP:192.168.1.10)
时间：(2017/2/17 17:37:37),操作：(fileup),来源：(/Plugins/Uploadify/UploadFileHandler.ashx)
详情：(By:Global_CheckUpladFiles,文件名：6.jpg)
/*-----------------------------------------------------------------------------------*/ 
 
操作人：(用户名:admin,管理员名:,IP:192.168.1.10)
时间：(2017/2/17 17:37:37),操作：(fileup),来源：(/Plugins/Uploadify/UploadFileHandler.ashx)
详情：(上传成功|文件名:6.jpg|保存路径:/UploadFiles/admin1/20170217/)
/*-----------------------------------------------------------------------------------*/ 
 
操作人：(用户名:,管理员名:,IP:192.168.1.10)
时间：(2017/2/17 17:38:22),操作：(fileup),来源：(/Plugins/Uploadify/UploadFileHandler.ashx)
详情：(By:Global_CheckUpladFiles,文件名：28.jpg)
/*-----------------------------------------------------------------------------------*/ 
 
操作人：(用户名:admin,管理员名:,IP:192.168.1.10)
时间：(2017/2/17 17:38:22),操作：(fileup),来源：(/Plugins/Uploadify/UploadFileHandler.ashx)
详情：(上传成功|文件名:28.jpg|保存路径:/UploadFiles/admin1/20170217/)
/*-----------------------------------------------------------------------------------*/ 
 
操作人：(用户名:,管理员名:,IP:192.168.1.10)
时间：(2017/2/17 17:39:45),操作：(fileup),来源：(/Plugins/Uploadify/UploadFileHandler.ashx)
详情：(By:Global_CheckUpladFiles,文件名：7.jpg)
/*-----------------------------------------------------------------------------------*/ 
 
操作人：(用户名:admin,管理员名:,IP:192.168.1.10)
时间：(2017/2/17 17:39:45),操作：(fileup),来源：(/Plugins/Uploadify/UploadFileHandler.ashx)
详情：(上传成功|文件名:7.jpg|保存路径:/UploadFiles/admin1/20170217/)
/*-----------------------------------------------------------------------------------*/ 
 
操作人：(用户名:,管理员名:,IP:::1)
时间：(2017/2/17 17:54:33),操作：(fileup),来源：(/Plugins/Uploadify/UploadFileHandler.ashx)
详情：(By:Global_CheckUpladFiles,文件名：wxheadimg.jpg)
/*-----------------------------------------------------------------------------------*/ 
 
操作人：(用户名:admin,管理员名:,IP:::1)
时间：(2017/2/17 17:54:33),操作：(fileup),来源：(/Plugins/Uploadify/UploadFileHandler.ashx)
详情：(上传成功|文件名:wxheadimg.jpg|保存路径:/UploadFiles/admin1/20170217/)
/*-----------------------------------------------------------------------------------*/ 
 
操作人：(用户名:,管理员名:,IP:::1)
时间：(2017/2/17 17:54:43),操作：(fileup),来源：(/Plugins/Uploadify/UploadFileHandler.ashx)
详情：(By:Global_CheckUpladFiles,文件名：menu-default.png)
/*-----------------------------------------------------------------------------------*/ 
 
操作人：(用户名:admin,管理员名:,IP:::1)
时间：(2017/2/17 17:54:43),操作：(fileup),来源：(/Plugins/Uploadify/UploadFileHandler.ashx)
详情：(上传成功|文件名:menu-default.png|保存路径:/UploadFiles/admin1/20170217/)
/*-----------------------------------------------------------------------------------*/ 
 
操作人：(用户名:,管理员名:,IP:::1)
时间：(2017/2/17 17:57:58),操作：(fileup),来源：(/Plugins/Ueditor/net/bar.ashx?SourceUrl=PItem%3Fid%3D42&action=uploadimage)
详情：(By:Global_CheckUpladFiles,文件名：menu-default.png)
/*-----------------------------------------------------------------------------------*/ 
 
操作人：(用户名:,管理员名:,IP:::1)
时间：(2017/2/17 18:22:28),操作：(fileup),来源：(/Plugins/Uploadify/UploadFileHandler.ashx)
详情：(By:Global_CheckUpladFiles,文件名：menu-default.png)
/*-----------------------------------------------------------------------------------*/ 
 
操作人：(用户名:admin,管理员名:,IP:::1)
时间：(2017/2/17 18:22:28),操作：(fileup),来源：(/Plugins/Uploadify/UploadFileHandler.ashx)
详情：(上传成功|文件名:menu-default.png|保存路径:/UploadFiles/admin1/20170217/)
/*-----------------------------------------------------------------------------------*/ 
 
操作人：(用户名:,管理员名:,IP:::1)
时间：(2017/2/17 18:32:40),操作：(fileup),来源：(/Plugins/Uploadify/UploadFileHandler.ashx)
详情：(By:Global_CheckUpladFiles,文件名：wxheadimg.jpg)
/*-----------------------------------------------------------------------------------*/ 
 
操作人：(用户名:admin,管理员名:,IP:::1)
时间：(2017/2/17 18:32:40),操作：(fileup),来源：(/Plugins/Uploadify/UploadFileHandler.ashx)
详情：(上传成功|文件名:wxheadimg.jpg|保存路径:/UploadFiles/admin1/20170217/)
/*-----------------------------------------------------------------------------------*/ 
 
操作人：(用户名:,管理员名:,IP:::1)
时间：(2017/2/17 18:33:46),操作：(fileup),来源：(/Plugins/Uploadify/UploadFileHandler.ashx)
详情：(By:Global_CheckUpladFiles,文件名：wxheadimg.jpg)
/*-----------------------------------------------------------------------------------*/ 
 
操作人：(用户名:admin,管理员名:,IP:::1)
时间：(2017/2/17 18:33:46),操作：(fileup),来源：(/Plugins/Uploadify/UploadFileHandler.ashx)
详情：(上传成功|文件名:wxheadimg.jpg|保存路径:/UploadFiles/admin1/20170217/)
/*-----------------------------------------------------------------------------------*/ 
 
操作人：(用户名:,管理员名:,IP:::1)
时间：(2017/2/17 18:35:52),操作：(fileup),来源：(/Plugins/Uploadify/UploadFileHandler.ashx)
详情：(By:Global_CheckUpladFiles,文件名：wxheadimg.jpg)
/*-----------------------------------------------------------------------------------*/ 
 
操作人：(用户名:admin,管理员名:,IP:::1)
时间：(2017/2/17 18:35:52),操作：(fileup),来源：(/Plugins/Uploadify/UploadFileHandler.ashx)
详情：(上传成功|文件名:wxheadimg.jpg|保存路径:/UploadFiles/admin1/20170217/)
/*-----------------------------------------------------------------------------------*/ 
 
操作人：(用户名:,管理员名:,IP:::1)
时间：(2017/2/18 8:38:42),操作：(fileup),来源：(/Plugins/Uploadify/UploadFileHandler.ashx)
详情：(By:Global_CheckUpladFiles,文件名：wxheadimg.jpg)
/*-----------------------------------------------------------------------------------*/ 
 
操作人：(用户名:admin,管理员名:admin,IP:::1)
时间：(2017/2/18 8:38:42),操作：(fileup),来源：(/Plugins/Uploadify/UploadFileHandler.ashx)
详情：(上传成功|文件名:wxheadimg.jpg|保存路径:/UploadFiles/admin1/20170218/)
/*-----------------------------------------------------------------------------------*/ 
 
操作人：(用户名:,管理员名:,IP:192.168.1.16)
时间：(2017/2/18 9:04:24),操作：(fileup),来源：(/Plugins/Uploadify/UploadFileHandler.ashx)
详情：(By:Global_CheckUpladFiles,文件名：wxheadimg.jpg)
/*-----------------------------------------------------------------------------------*/ 
 
操作人：(用户名:,管理员名:,IP:fe80::18d1:38cd:499f:d29b%14)
时间：(2017/2/18 9:05:22),操作：(fileup),来源：(/Plugins/Uploadify/UploadFileHandler.ashx)
详情：(By:Global_CheckUpladFiles,文件名：wxheadimg.jpg)
/*-----------------------------------------------------------------------------------*/ 
 
操作人：(用户名:,管理员名:,IP:192.168.1.16)
时间：(2017/2/18 9:05:38),操作：(fileup),来源：(/Plugins/Uploadify/UploadFileHandler.ashx)
详情：(By:Global_CheckUpladFiles,文件名：wxheadimg.jpg)
/*-----------------------------------------------------------------------------------*/ 
 
操作人：(用户名:,管理员名:,IP:192.168.1.16)
时间：(2017/2/18 9:06:53),操作：(fileup),来源：(/Plugins/Uploadify/UploadFileHandler.ashx)
详情：(By:Global_CheckUpladFiles,文件名：wxheadimg.jpg)
/*-----------------------------------------------------------------------------------*/ 
 
操作人：(用户名:admin,管理员名:,IP:192.168.1.16)
时间：(2017/2/18 9:06:53),操作：(fileup),来源：(/Plugins/Uploadify/UploadFileHandler.ashx)
详情：(上传成功|文件名:wxheadimg.jpg|保存路径:/UploadFiles/admin1/20170218/)
/*-----------------------------------------------------------------------------------*/ 
 
操作人：(用户名:,管理员名:,IP:192.168.1.16)
时间：(2017/2/18 9:20:20),操作：(fileup),来源：(/Plugins/Uploadify/UploadFileHandler.ashx)
详情：(By:Global_CheckUpladFiles,文件名：wxheadimg.jpg)
/*-----------------------------------------------------------------------------------*/ 
 
操作人：(用户名:,管理员名:,IP:::1)
时间：(2017/2/18 10:14:26),操作：(fileup),来源：(/Plugins/Uploadify/UploadFileHandler.ashx)
详情：(By:Global_CheckUpladFiles,文件名：wxheadimg.jpg)
/*-----------------------------------------------------------------------------------*/ 
 
操作人：(用户名:,管理员名:,IP:::1)
时间：(2017/2/18 10:14:58),操作：(fileup),来源：(/Plugins/Uploadify/UploadFileHandler.ashx)
详情：(By:Global_CheckUpladFiles,文件名：wxheadimg.jpg)
/*-----------------------------------------------------------------------------------*/ 
 
操作人：(用户名:admin,管理员名:,IP:::1)
时间：(2017/2/18 10:14:58),操作：(fileup),来源：(/Plugins/Uploadify/UploadFileHandler.ashx)
详情：(上传成功|文件名:wxheadimg.jpg|保存路径:/UploadFiles/admin1/20170218/)
/*-----------------------------------------------------------------------------------*/ 
 
操作人：(用户名:,管理员名:,IP:::1)
时间：(2017/2/18 10:28:44),操作：(fileup),来源：(/Plugins/Uploadify/UploadFileHandler.ashx)
详情：(By:Global_CheckUpladFiles,文件名：wxheadimg.jpg)
/*-----------------------------------------------------------------------------------*/ 
 
操作人：(用户名:admin,管理员名:admin,IP:::1)
时间：(2017/2/18 10:28:44),操作：(fileup),来源：(/Plugins/Uploadify/UploadFileHandler.ashx)
详情：(上传成功|文件名:wxheadimg.jpg|保存路径:/UploadFiles/admin1/20170218/)
/*-----------------------------------------------------------------------------------*/ 
 
操作人：(用户名:,管理员名:,IP:::1)
时间：(2017/2/18 10:29:37),操作：(fileup),来源：(/Plugins/Uploadify/UploadFileHandler.ashx)
详情：(By:Global_CheckUpladFiles,文件名：wxheadimg.jpg)
/*-----------------------------------------------------------------------------------*/ 
 
操作人：(用户名:admin,管理员名:admin,IP:::1)
时间：(2017/2/18 10:29:37),操作：(fileup),来源：(/Plugins/Uploadify/UploadFileHandler.ashx)
详情：(上传成功|文件名:wxheadimg.jpg|保存路径:/UploadFiles/admin1/20170218/)
/*-----------------------------------------------------------------------------------*/ 
 
操作人：(用户名:,管理员名:,IP:::1)
时间：(2017/2/18 10:32:06),操作：(fileup),来源：(/Plugins/Uploadify/UploadFileHandler.ashx)
详情：(By:Global_CheckUpladFiles,文件名：wxheadimg.jpg)
/*-----------------------------------------------------------------------------------*/ 
 
操作人：(用户名:admin,管理员名:admin,IP:::1)
时间：(2017/2/18 10:32:06),操作：(fileup),来源：(/Plugins/Uploadify/UploadFileHandler.ashx)
详情：(上传成功|文件名:wxheadimg.jpg|保存路径:/UploadFiles/admin1/20170218/)
/*-----------------------------------------------------------------------------------*/ 
 
操作人：(用户名:,管理员名:,IP:::1)
时间：(2017/2/18 10:34:21),操作：(fileup),来源：(/Plugins/Uploadify/UploadFileHandler.ashx)
详情：(By:Global_CheckUpladFiles,文件名：wxheadimg.jpg)
/*-----------------------------------------------------------------------------------*/ 
 
操作人：(用户名:admin,管理员名:admin,IP:::1)
时间：(2017/2/18 10:34:21),操作：(fileup),来源：(/Plugins/Uploadify/UploadFileHandler.ashx)
详情：(上传成功|文件名:wxheadimg.jpg|保存路径:/UploadFiles/admin1/20170218/)
/*-----------------------------------------------------------------------------------*/ 
 
操作人：(用户名:,管理员名:,IP:::1)
时间：(2017/2/18 10:35:52),操作：(fileup),来源：(/Plugins/Uploadify/UploadFileHandler.ashx)
详情：(By:Global_CheckUpladFiles,文件名：wxheadimg.jpg)
/*-----------------------------------------------------------------------------------*/ 
 
操作人：(用户名:admin,管理员名:admin,IP:::1)
时间：(2017/2/18 10:35:52),操作：(fileup),来源：(/Plugins/Uploadify/UploadFileHandler.ashx)
详情：(上传成功|文件名:wxheadimg.jpg|保存路径:/UploadFiles/admin1/20170218/)
/*-----------------------------------------------------------------------------------*/ 
 
操作人：(用户名:,管理员名:,IP:::1)
时间：(2017/2/18 11:16:11),操作：(fileup),来源：(/Plugins/Uploadify/UploadFileHandler.ashx)
详情：(By:Global_CheckUpladFiles,文件名：wxheadimg.jpg)
/*-----------------------------------------------------------------------------------*/ 
 
操作人：(用户名:admin,管理员名:admin,IP:::1)
时间：(2017/2/18 11:16:11),操作：(fileup),来源：(/Plugins/Uploadify/UploadFileHandler.ashx)
详情：(上传成功|文件名:wxheadimg.jpg|保存路径:/UploadFiles/admin1/20170218/)
/*-----------------------------------------------------------------------------------*/ 
 
操作人：(用户名:,管理员名:,IP:::1)
时间：(2017/2/18 11:18:19),操作：(fileup),来源：(/Plugins/Uploadify/UploadFileHandler.ashx)
详情：(By:Global_CheckUpladFiles,文件名：wxheadimg.jpg)
/*-----------------------------------------------------------------------------------*/ 
 
操作人：(用户名:admin,管理员名:admin,IP:::1)
时间：(2017/2/18 11:18:19),操作：(fileup),来源：(/Plugins/Uploadify/UploadFileHandler.ashx)
详情：(上传成功|文件名:wxheadimg.jpg|保存路径:/UploadFiles/admin1/20170218/)
/*-----------------------------------------------------------------------------------*/ 
 
操作人：(用户名:,管理员名:,IP:::1)
时间：(2017/2/18 11:24:49),操作：(fileup),来源：(/Plugins/Uploadify/UploadFileHandler.ashx)
详情：(By:Global_CheckUpladFiles,文件名：wxheadimg.jpg)
/*-----------------------------------------------------------------------------------*/ 
 
操作人：(用户名:admin,管理员名:admin,IP:::1)
时间：(2017/2/18 11:24:49),操作：(fileup),来源：(/Plugins/Uploadify/UploadFileHandler.ashx)
详情：(上传成功|文件名:wxheadimg.jpg|保存路径:/UploadFiles/admin1/20170218/)
/*-----------------------------------------------------------------------------------*/ 
 
操作人：(用户名:,管理员名:,IP:::1)
时间：(2017/2/18 11:24:59),操作：(fileup),来源：(/Plugins/Uploadify/UploadFileHandler.ashx)
详情：(By:Global_CheckUpladFiles,文件名：menu-default.png)
/*-----------------------------------------------------------------------------------*/ 
 
操作人：(用户名:admin,管理员名:admin,IP:::1)
时间：(2017/2/18 11:24:59),操作：(fileup),来源：(/Plugins/Uploadify/UploadFileHandler.ashx)
详情：(上传成功|文件名:menu-default.png|保存路径:/UploadFiles/admin1/20170218/)
/*-----------------------------------------------------------------------------------*/ 
 
操作人：(用户名:,管理员名:,IP:::1)
时间：(2017/2/18 11:27:03),操作：(fileup),来源：(/Plugins/Uploadify/UploadFileHandler.ashx)
详情：(By:Global_CheckUpladFiles,文件名：menu-default.png)
/*-----------------------------------------------------------------------------------*/ 
 
操作人：(用户名:admin,管理员名:,IP:::1)
时间：(2017/2/18 11:27:03),操作：(fileup),来源：(/Plugins/Uploadify/UploadFileHandler.ashx)
详情：(上传成功|文件名:menu-default.png|保存路径:/UploadFiles/admin1/20170218/)
/*-----------------------------------------------------------------------------------*/ 
 
操作人：(用户名:,管理员名:,IP:::1)
时间：(2017/2/18 11:27:03),操作：(fileup),来源：(/Plugins/Uploadify/UploadFileHandler.ashx)
详情：(By:Global_CheckUpladFiles,文件名：wxheadimg.jpg)
/*-----------------------------------------------------------------------------------*/ 
 
操作人：(用户名:admin,管理员名:,IP:::1)
时间：(2017/2/18 11:27:03),操作：(fileup),来源：(/Plugins/Uploadify/UploadFileHandler.ashx)
详情：(上传成功|文件名:wxheadimg.jpg|保存路径:/UploadFiles/admin1/20170218/)
/*-----------------------------------------------------------------------------------*/ 
 
操作人：(用户名:,管理员名:,IP:118.212.214.114)
时间：(2017/2/18 14:37:30),操作：(fileup),来源：(/Plugins/Uploadify/UploadFileHandler.ashx)
详情：(By:Global_CheckUpladFiles,文件名：IMG_1612.PNG)
/*-----------------------------------------------------------------------------------*/ 
 
操作人：(用户名:wx20170105185245qt,管理员名:,IP:118.212.214.114)
时间：(2017/2/18 14:37:31),操作：(fileup),来源：(/Plugins/Uploadify/UploadFileHandler.ashx)
详情：(上传成功|文件名:IMG_1612.PNG|保存路径:/UploadFiles/wx20170105185245qt1485/20170218/)
/*-----------------------------------------------------------------------------------*/ 
 
操作人：(用户名:,管理员名:,IP:223.104.5.233)
时间：(2017/2/20 11:56:50),操作：(fileup),来源：(/Plugins/Uploadify/UploadFileHandler.ashx)
详情：(By:Global_CheckUpladFiles,文件名：IMG_20170217_095809.jpg)
/*-----------------------------------------------------------------------------------*/ 
 
操作人：(用户名:wx20160530090908c3,管理员名:,IP:223.104.5.233)
时间：(2017/2/20 11:56:50),操作：(fileup),来源：(/Plugins/Uploadify/UploadFileHandler.ashx)
详情：(上传成功|文件名:IMG_20170217_095809.jpg|保存路径:/UploadFiles/wx20160530090908c317/20170220/)
/*-----------------------------------------------------------------------------------*/ 
 
操作人：(用户名:,管理员名:,IP:223.104.5.233)
时间：(2017/2/20 11:56:54),操作：(fileup),来源：(/Plugins/Uploadify/UploadFileHandler.ashx)
详情：(By:Global_CheckUpladFiles,文件名：IMG_20170217_095801.jpg)
/*-----------------------------------------------------------------------------------*/ 
 
操作人：(用户名:wx20160530090908c3,管理员名:,IP:223.104.5.233)
时间：(2017/2/20 11:56:54),操作：(fileup),来源：(/Plugins/Uploadify/UploadFileHandler.ashx)
详情：(上传成功|文件名:IMG_20170217_095801.jpg|保存路径:/UploadFiles/wx20160530090908c317/20170220/)
/*-----------------------------------------------------------------------------------*/ 
 
操作人：(用户名:wx20160615171812oo,管理员名:,IP:118.212.213.26)
时间：(2017/3/1 10:48:00),操作：(fileup),来源：(/Plugins/Uploadify/Base64.ashx)
详情：(上传失败|文件名:0m4lrc.jpg|原因:正在中止线程。)
/*-----------------------------------------------------------------------------------*/ 
 
操作人：(用户名:wx20160615171812oo,管理员名:,IP:118.212.213.26)
时间：(2017/3/1 10:48:16),操作：(fileup),来源：(/Plugins/Uploadify/Base64.ashx)
详情：(上传失败|文件名:OgGsuE.jpg|原因:正在中止线程。)
/*-----------------------------------------------------------------------------------*/ 
 
操作人：(用户名:,管理员名:,IP:180.173.120.254)
时间：(2017/4/26 18:41:03),操作：(fileup),来源：(/Admin/User/UserModify.aspx?UserID=92)
详情：(By:Global_CheckUpladFiles,文件名：微信图片_20170426183932.jpg)
/*-----------------------------------------------------------------------------------*/ 
 
操作人：(用户名:wx20160615171812oo,管理员名:,IP:124.160.212.145)
时间：(2017/4/27 16:01:18),操作：(fileup),来源：(/Plugins/Uploadify/Base64.ashx)
详情：(上传失败|文件名:xOUZX7.jpg|原因:正在中止线程。)
/*-----------------------------------------------------------------------------------*/ 
 
操作人：(用户名:wx20160615171812oo,管理员名:,IP:124.160.212.145)
时间：(2017/4/27 16:01:44),操作：(fileup),来源：(/Plugins/Uploadify/Base64.ashx)
详情：(上传失败|文件名:S2Z5MQ.jpg|原因:正在中止线程。)
/*-----------------------------------------------------------------------------------*/ 
 
操作人：(用户名:wx20160615171812oo,管理员名:,IP:124.160.212.145)
时间：(2017/4/27 16:02:29),操作：(fileup),来源：(/Plugins/Uploadify/Base64.ashx)
详情：(上传失败|文件名:voWzIe.jpg|原因:正在中止线程。)
/*-----------------------------------------------------------------------------------*/ 
 
操作人：(用户名:,管理员名:,IP:182.96.45.203)
时间：(2017/4/27 16:33:43),操作：(fileup),来源：(/Plugins/Ueditor/net/controller.ashx?action=uploadimage)
详情：(By:Global_CheckUpladFiles,文件名：0bd162d9f2d3572cfe3e9ed08b13632763d0c3da.jpg)
/*-----------------------------------------------------------------------------------*/ 
 
操作人：(用户名:,管理员名:,IP:182.96.45.203)
时间：(2017/4/27 16:34:04),操作：(fileup),来源：(/Plugins/Ueditor/net/controller.ashx?action=uploadimage)
详情：(By:Global_CheckUpladFiles,文件名：0bd162d9f2d3572cfe3e9ed08b13632763d0c3da.jpg)
/*-----------------------------------------------------------------------------------*/ 
 
操作人：(用户名:,管理员名:,IP:101.81.78.173)
时间：(2017/4/27 23:53:25),操作：(fileup),来源：(/Plugins/Uploadify/Base64.ashx)
详情：(上传失败|文件名:oa1pcC.jpg|原因:未将对象引用设置到对象的实例。)
/*-----------------------------------------------------------------------------------*/ 
 
操作人：(用户名:,管理员名:,IP:101.81.78.173)
时间：(2017/4/27 23:55:29),操作：(fileup),来源：(/Plugins/Uploadify/Base64.ashx)
详情：(上传失败|文件名:U7mUgF.jpg|原因:未将对象引用设置到对象的实例。)
/*-----------------------------------------------------------------------------------*/ 
 
操作人：(用户名:,管理员名:,IP:101.81.78.173)
时间：(2017/4/27 23:57:30),操作：(fileup),来源：(/Plugins/Uploadify/Base64.ashx)
详情：(上传失败|文件名:D8iBPH.jpg|原因:未将对象引用设置到对象的实例。)
/*-----------------------------------------------------------------------------------*/ 
 
操作人：(用户名:wx20160530090908c3,管理员名:,IP:180.173.120.254)
时间：(2017/5/3 13:39:56),操作：(fileup),来源：(/Plugins/Uploadify/Base64.ashx)
详情：(上传失败|文件名:/UploadFiles/dai/user/wx20160530090908c317/20170503/NEajVC.jpg|原因:正在中止线程。)
/*-----------------------------------------------------------------------------------*/ 
 
操作人：(用户名:,管理员名:,IP:180.173.120.254)
时间：(2017/5/10 11:31:51),操作：(fileup),来源：(/Admin/User/UserModify.aspx?UserID=2627)
详情：(By:Global_CheckUpladFiles,文件名：微信图片_20170510112956.jpg)
/*-----------------------------------------------------------------------------------*/ 
 
操作人：(用户名:,管理员名:,IP:180.173.120.254)
时间：(2017/5/11 20:48:55),操作：(fileup),来源：(/Plugins/Ueditor/net/controller.ashx?action=uploadimage)
详情：(By:Global_CheckUpladFiles,文件名：psd20449.jpg)
/*-----------------------------------------------------------------------------------*/ 
 
操作人：(用户名:wx20170621172723vq,管理员名:,IP:36.44.170.59)
时间：(2017/6/21 17:31:08),操作：(fileup),来源：(/Plugins/Uploadify/Base64.ashx)
详情：(上传失败|文件名:/UploadFiles/dai/user/wx20170621172723vq3218/20170621/MnHkyI.jpg|原因:未将对象引用设置到对象的实例。)
/*-----------------------------------------------------------------------------------*/ 
 
操作人：(用户名:,管理员名:,IP:180.173.118.143)
时间：(2017/12/18 15:14:04),操作：(fileup),来源：(/Admin/User/UserModify.aspx?UserID=4840)
详情：(By:Global_CheckUpladFiles,文件名：微信图片_20171218151153.jpg)
/*-----------------------------------------------------------------------------------*/ 
 
操作人：(用户名:,管理员名:,IP:180.173.118.143)
时间：(2017/12/18 15:15:16),操作：(fileup),来源：(/Admin/User/UserModify.aspx?UserID=4840)
详情：(By:Global_CheckUpladFiles,文件名：微信截图_20171218151319.png)
/*-----------------------------------------------------------------------------------*/ 
 
操作人：(用户名:,管理员名:,IP:180.173.118.143)
时间：(2017/12/18 15:19:58),操作：(fileup),来源：(/Admin/User/UserModify.aspx?UserID=4840)
详情：(By:Global_CheckUpladFiles,文件名：微信截图_20171218151751.png)
/*-----------------------------------------------------------------------------------*/ 
 
操作人：(用户名:,管理员名:,IP:180.173.118.143)
时间：(2017/12/18 15:23:16),操作：(fileup),来源：(/Admin/User/UserModify.aspx?UserID=4840)
详情：(By:Global_CheckUpladFiles,文件名：微信图片_20171218151153.jpg)
/*-----------------------------------------------------------------------------------*/ 
 
操作人：(用户名:,管理员名:,IP:180.121.201.151)
时间：(2017/12/25 9:21:04),操作：(fileup),来源：(/Plugins/Ueditor/net/controller.ashx?action=uploadimage)
详情：(By:Global_CheckUpladFiles,文件名：1514164827225.jpg)
/*-----------------------------------------------------------------------------------*/ 
 
操作人：(用户名:,管理员名:,IP:180.173.120.155)
时间：(2017/12/25 9:46:10),操作：(fileup),来源：(/Admin/User/UserModify.aspx?UserID=6210)
详情：(By:Global_CheckUpladFiles,文件名：微信图片_20171225094401.jpg)
/*-----------------------------------------------------------------------------------*/ 
 
操作人：(用户名:,管理员名:,IP:180.173.120.155)
时间：(2017/12/25 9:49:01),操作：(fileup),来源：(/User/Com/SaveFile)
详情：(By:Global_CheckUpladFiles,文件名：微信图片_20171225094401.jpg)
/*-----------------------------------------------------------------------------------*/ 
 
操作人：(用户名:,管理员名:,IP:180.173.120.155)
时间：(2017/12/25 9:49:25),操作：(fileup),来源：(/User/Com/SaveFile)
详情：(By:Global_CheckUpladFiles,文件名：微信图片_20171225094401.jpg)
/*-----------------------------------------------------------------------------------*/ 
 
操作人：(用户名:,管理员名:,IP:180.173.120.155)
时间：(2017/12/25 9:49:29),操作：(fileup),来源：(/User/Com/SaveFile)
详情：(By:Global_CheckUpladFiles,文件名：微信图片_20171225094401.jpg)
/*-----------------------------------------------------------------------------------*/ 
 
操作人：(用户名:,管理员名:,IP:180.173.120.155)
时间：(2017/12/25 9:50:17),操作：(fileup),来源：(/User/Com/SaveFile)
详情：(By:Global_CheckUpladFiles,文件名：微信图片_20171225094401.jpg)
/*-----------------------------------------------------------------------------------*/ 
 
操作人：(用户名:,管理员名:,IP:180.173.120.155)
时间：(2017/12/25 9:50:58),操作：(fileup),来源：(/Admin/User/UserModify.aspx?UserID=6210)
详情：(By:Global_CheckUpladFiles,文件名：微信图片_20171225094401.jpg)
/*-----------------------------------------------------------------------------------*/ 
 
操作人：(用户名:,管理员名:,IP:180.173.114.115)
时间：(2018/1/3 15:28:59),操作：(fileup),来源：(/Common/fileupload.aspx?FieldName=Clearimg&ModelID=6&NodeID=9)
详情：(By:Global_CheckUpladFiles,文件名：虾青素主图.jpg)
/*-----------------------------------------------------------------------------------*/ 
 
操作人：(用户名:,管理员名:,IP:59.53.42.180)
时间：(2018/1/3 15:43:19),操作：(fileup),来源：(/Common/fileupload.aspx?FieldName=Clearimg&ModelID=6&NodeID=9)
详情：(By:Global_CheckUpladFiles,文件名：11111.png)
/*-----------------------------------------------------------------------------------*/ 
 
操作人：(用户名:,管理员名:,IP:59.53.42.180)
时间：(2018/1/3 15:43:27),操作：(fileup),来源：(/Common/fileupload.aspx?FieldName=Thumbnails&ModelID=6&NodeID=9)
详情：(By:Global_CheckUpladFiles,文件名：11111.png)
/*-----------------------------------------------------------------------------------*/ 
 
操作人：(用户名:,管理员名:,IP:180.173.114.115)
时间：(2018/1/3 16:30:48),操作：(fileup),来源：(/Plugins/Ueditor/net/controller.ashx?action=uploadimage&encode=utf-8)
详情：(By:Global_CheckUpladFiles,文件名：淘宝店铺脸颊帖详情页_03.jpg)
/*-----------------------------------------------------------------------------------*/ 
 
操作人：(用户名:,管理员名:,IP:180.173.114.115)
时间：(2018/1/3 16:30:48),操作：(fileup),来源：(/Plugins/Ueditor/net/controller.ashx?action=uploadimage&encode=utf-8)
详情：(By:Global_CheckUpladFiles,文件名：淘宝店铺脸颊帖详情页_02.jpg)
/*-----------------------------------------------------------------------------------*/ 
 
操作人：(用户名:,管理员名:,IP:180.173.114.115)
时间：(2018/1/3 16:30:48),操作：(fileup),来源：(/Plugins/Ueditor/net/controller.ashx?action=uploadimage&encode=utf-8)
详情：(By:Global_CheckUpladFiles,文件名：淘宝店铺脸颊帖详情页_04.jpg)
/*-----------------------------------------------------------------------------------*/ 
 
操作人：(用户名:,管理员名:,IP:180.173.114.115)
时间：(2018/1/3 16:30:48),操作：(fileup),来源：(/Plugins/Ueditor/net/controller.ashx?action=uploadimage&encode=utf-8)
详情：(By:Global_CheckUpladFiles,文件名：淘宝店铺脸颊帖详情页_05.jpg)
/*-----------------------------------------------------------------------------------*/ 
 
操作人：(用户名:,管理员名:,IP:180.173.114.115)
时间：(2018/1/3 16:30:48),操作：(fileup),来源：(/Plugins/Ueditor/net/controller.ashx?action=uploadimage&encode=utf-8)
详情：(By:Global_CheckUpladFiles,文件名：淘宝店铺脸颊帖详情页_06.jpg)
/*-----------------------------------------------------------------------------------*/ 
 
操作人：(用户名:,管理员名:,IP:180.173.114.115)
时间：(2018/1/3 16:30:48),操作：(fileup),来源：(/Plugins/Ueditor/net/controller.ashx?action=uploadimage&encode=utf-8)
详情：(By:Global_CheckUpladFiles,文件名：淘宝店铺脸颊帖详情页_08.jpg)
/*-----------------------------------------------------------------------------------*/ 
 
操作人：(用户名:,管理员名:,IP:180.173.114.115)
时间：(2018/1/3 16:30:48),操作：(fileup),来源：(/Plugins/Ueditor/net/controller.ashx?action=uploadimage&encode=utf-8)
详情：(By:Global_CheckUpladFiles,文件名：淘宝店铺脸颊帖详情页_07.jpg)
/*-----------------------------------------------------------------------------------*/ 
 
操作人：(用户名:,管理员名:,IP:180.173.114.115)
时间：(2018/1/3 16:30:48),操作：(fileup),来源：(/Plugins/Ueditor/net/controller.ashx?action=uploadimage&encode=utf-8)
详情：(By:Global_CheckUpladFiles,文件名：淘宝店铺脸颊帖详情页_09.jpg)
/*-----------------------------------------------------------------------------------*/ 
 
操作人：(用户名:,管理员名:,IP:180.173.114.115)
时间：(2018/1/3 16:30:48),操作：(fileup),来源：(/Plugins/Ueditor/net/controller.ashx?action=uploadimage&encode=utf-8)
详情：(By:Global_CheckUpladFiles,文件名：淘宝店铺脸颊帖详情页_10.jpg)
/*-----------------------------------------------------------------------------------*/ 
 
操作人：(用户名:,管理员名:,IP:180.173.114.115)
时间：(2018/1/3 16:30:48),操作：(fileup),来源：(/Plugins/Ueditor/net/controller.ashx?action=uploadimage&encode=utf-8)
详情：(By:Global_CheckUpladFiles,文件名：淘宝店铺脸颊帖详情页_11.jpg)
/*-----------------------------------------------------------------------------------*/ 
 
操作人：(用户名:,管理员名:,IP:180.173.114.115)
时间：(2018/1/3 16:30:48),操作：(fileup),来源：(/Plugins/Ueditor/net/controller.ashx?action=uploadimage&encode=utf-8)
详情：(By:Global_CheckUpladFiles,文件名：淘宝店铺脸颊帖详情页_13.jpg)
/*-----------------------------------------------------------------------------------*/ 
 
操作人：(用户名:,管理员名:,IP:180.173.114.115)
时间：(2018/1/3 16:30:48),操作：(fileup),来源：(/Plugins/Ueditor/net/controller.ashx?action=uploadimage&encode=utf-8)
详情：(By:Global_CheckUpladFiles,文件名：淘宝店铺脸颊帖详情页_15.jpg)
/*-----------------------------------------------------------------------------------*/ 
 
操作人：(用户名:,管理员名:,IP:180.173.114.115)
时间：(2018/1/3 16:30:49),操作：(fileup),来源：(/Plugins/Ueditor/net/controller.ashx?action=uploadimage&encode=utf-8)
详情：(By:Global_CheckUpladFiles,文件名：淘宝店铺脸颊帖详情页_16.jpg)
/*-----------------------------------------------------------------------------------*/ 
 
操作人：(用户名:,管理员名:,IP:180.173.114.115)
时间：(2018/1/3 16:30:49),操作：(fileup),来源：(/Plugins/Ueditor/net/controller.ashx?action=uploadimage&encode=utf-8)
详情：(By:Global_CheckUpladFiles,文件名：淘宝店铺脸颊帖详情页_18.jpg)
/*-----------------------------------------------------------------------------------*/ 
 
操作人：(用户名:,管理员名:,IP:180.173.114.115)
时间：(2018/1/3 16:30:49),操作：(fileup),来源：(/Plugins/Ueditor/net/controller.ashx?action=uploadimage&encode=utf-8)
详情：(By:Global_CheckUpladFiles,文件名：淘宝店铺脸颊帖详情页_20.jpg)
/*-----------------------------------------------------------------------------------*/ 
 
操作人：(用户名:,管理员名:,IP:180.173.114.115)
时间：(2018/1/3 16:30:49),操作：(fileup),来源：(/Plugins/Ueditor/net/controller.ashx?action=uploadimage&encode=utf-8)
详情：(By:Global_CheckUpladFiles,文件名：淘宝店铺脸颊帖详情页_19.jpg)
/*-----------------------------------------------------------------------------------*/ 
 
操作人：(用户名:,管理员名:,IP:180.173.114.115)
时间：(2018/1/3 16:30:49),操作：(fileup),来源：(/Plugins/Ueditor/net/controller.ashx?action=uploadimage&encode=utf-8)
详情：(By:Global_CheckUpladFiles,文件名：淘宝店铺脸颊帖详情页_21.jpg)
/*-----------------------------------------------------------------------------------*/ 
 
操作人：(用户名:,管理员名:,IP:180.173.114.115)
时间：(2018/1/3 16:31:00),操作：(fileup),来源：(/Plugins/Ueditor/net/controller.ashx?action=uploadimage&encode=utf-8)
详情：(By:Global_CheckUpladFiles,文件名：淘宝店铺脸颊帖详情页_18.jpg)
/*-----------------------------------------------------------------------------------*/ 
 
操作人：(用户名:,管理员名:,IP:180.173.114.115)
时间：(2018/1/3 16:31:55),操作：(fileup),来源：(/Plugins/Ueditor/net/controller.ashx?action=uploadimage&encode=utf-8)
详情：(By:Global_CheckUpladFiles,文件名：淘宝店铺脸颊帖详情页_03.jpg)
/*-----------------------------------------------------------------------------------*/ 
 
操作人：(用户名:,管理员名:,IP:180.173.114.115)
时间：(2018/1/3 16:31:55),操作：(fileup),来源：(/Plugins/Ueditor/net/controller.ashx?action=uploadimage&encode=utf-8)
详情：(By:Global_CheckUpladFiles,文件名：淘宝店铺脸颊帖详情页_02.jpg)
/*-----------------------------------------------------------------------------------*/ 
 
操作人：(用户名:,管理员名:,IP:180.173.114.115)
时间：(2018/1/3 16:31:56),操作：(fileup),来源：(/Plugins/Ueditor/net/controller.ashx?action=uploadimage&encode=utf-8)
详情：(By:Global_CheckUpladFiles,文件名：淘宝店铺脸颊帖详情页_04.jpg)
/*-----------------------------------------------------------------------------------*/ 
 
操作人：(用户名:,管理员名:,IP:180.173.114.115)
时间：(2018/1/3 16:31:56),操作：(fileup),来源：(/Plugins/Ueditor/net/controller.ashx?action=uploadimage&encode=utf-8)
详情：(By:Global_CheckUpladFiles,文件名：淘宝店铺脸颊帖详情页_05.jpg)
/*-----------------------------------------------------------------------------------*/ 
 
操作人：(用户名:,管理员名:,IP:180.173.114.115)
时间：(2018/1/3 16:31:56),操作：(fileup),来源：(/Plugins/Ueditor/net/controller.ashx?action=uploadimage&encode=utf-8)
详情：(By:Global_CheckUpladFiles,文件名：淘宝店铺脸颊帖详情页_06.jpg)
/*-----------------------------------------------------------------------------------*/ 
 
操作人：(用户名:,管理员名:,IP:180.173.114.115)
时间：(2018/1/3 16:31:56),操作：(fileup),来源：(/Plugins/Ueditor/net/controller.ashx?action=uploadimage&encode=utf-8)
详情：(By:Global_CheckUpladFiles,文件名：淘宝店铺脸颊帖详情页_07.jpg)
/*-----------------------------------------------------------------------------------*/ 
 
操作人：(用户名:,管理员名:,IP:180.173.114.115)
时间：(2018/1/3 16:31:56),操作：(fileup),来源：(/Plugins/Ueditor/net/controller.ashx?action=uploadimage&encode=utf-8)
详情：(By:Global_CheckUpladFiles,文件名：淘宝店铺脸颊帖详情页_08.jpg)
/*-----------------------------------------------------------------------------------*/ 
 
操作人：(用户名:,管理员名:,IP:180.173.114.115)
时间：(2018/1/3 16:31:56),操作：(fileup),来源：(/Plugins/Ueditor/net/controller.ashx?action=uploadimage&encode=utf-8)
详情：(By:Global_CheckUpladFiles,文件名：淘宝店铺脸颊帖详情页_09.jpg)
/*-----------------------------------------------------------------------------------*/ 
 
操作人：(用户名:,管理员名:,IP:180.173.114.115)
时间：(2018/1/3 16:31:56),操作：(fileup),来源：(/Plugins/Ueditor/net/controller.ashx?action=uploadimage&encode=utf-8)
详情：(By:Global_CheckUpladFiles,文件名：淘宝店铺脸颊帖详情页_10.jpg)
/*-----------------------------------------------------------------------------------*/ 
 
操作人：(用户名:,管理员名:,IP:180.173.114.115)
时间：(2018/1/3 16:31:56),操作：(fileup),来源：(/Plugins/Ueditor/net/controller.ashx?action=uploadimage&encode=utf-8)
详情：(By:Global_CheckUpladFiles,文件名：淘宝店铺脸颊帖详情页_11.jpg)
/*-----------------------------------------------------------------------------------*/ 
 
操作人：(用户名:,管理员名:,IP:180.173.114.115)
时间：(2018/1/3 16:31:56),操作：(fileup),来源：(/Plugins/Ueditor/net/controller.ashx?action=uploadimage&encode=utf-8)
详情：(By:Global_CheckUpladFiles,文件名：淘宝店铺脸颊帖详情页_13.jpg)
/*-----------------------------------------------------------------------------------*/ 
 
操作人：(用户名:,管理员名:,IP:180.173.114.115)
时间：(2018/1/3 16:31:56),操作：(fileup),来源：(/Plugins/Ueditor/net/controller.ashx?action=uploadimage&encode=utf-8)
详情：(By:Global_CheckUpladFiles,文件名：淘宝店铺脸颊帖详情页_15.jpg)
/*-----------------------------------------------------------------------------------*/ 
 
操作人：(用户名:,管理员名:,IP:180.173.114.115)
时间：(2018/1/3 16:31:56),操作：(fileup),来源：(/Plugins/Ueditor/net/controller.ashx?action=uploadimage&encode=utf-8)
详情：(By:Global_CheckUpladFiles,文件名：淘宝店铺脸颊帖详情页_16.jpg)
/*-----------------------------------------------------------------------------------*/ 
 
操作人：(用户名:,管理员名:,IP:180.173.114.115)
时间：(2018/1/3 16:31:56),操作：(fileup),来源：(/Plugins/Ueditor/net/controller.ashx?action=uploadimage&encode=utf-8)
详情：(By:Global_CheckUpladFiles,文件名：淘宝店铺脸颊帖详情页_18.jpg)
/*-----------------------------------------------------------------------------------*/ 
 
操作人：(用户名:,管理员名:,IP:180.173.114.115)
时间：(2018/1/3 16:31:56),操作：(fileup),来源：(/Plugins/Ueditor/net/controller.ashx?action=uploadimage&encode=utf-8)
详情：(By:Global_CheckUpladFiles,文件名：淘宝店铺脸颊帖详情页_19.jpg)
/*-----------------------------------------------------------------------------------*/ 
 
操作人：(用户名:,管理员名:,IP:180.173.114.115)
时间：(2018/1/3 16:31:56),操作：(fileup),来源：(/Plugins/Ueditor/net/controller.ashx?action=uploadimage&encode=utf-8)
详情：(By:Global_CheckUpladFiles,文件名：淘宝店铺脸颊帖详情页_20.jpg)
/*-----------------------------------------------------------------------------------*/ 
 
操作人：(用户名:,管理员名:,IP:180.173.114.115)
时间：(2018/1/3 16:31:56),操作：(fileup),来源：(/Plugins/Ueditor/net/controller.ashx?action=uploadimage&encode=utf-8)
详情：(By:Global_CheckUpladFiles,文件名：淘宝店铺脸颊帖详情页_21.jpg)
/*-----------------------------------------------------------------------------------*/ 
 
操作人：(用户名:,管理员名:,IP:180.173.114.115)
时间：(2018/1/3 16:32:04),操作：(fileup),来源：(/Plugins/Ueditor/net/controller.ashx?action=uploadimage&encode=utf-8)
详情：(By:Global_CheckUpladFiles,文件名：淘宝店铺脸颊帖详情页_18.jpg)
/*-----------------------------------------------------------------------------------*/ 
 
操作人：(用户名:,管理员名:,IP:180.173.114.115)
时间：(2018/1/3 16:32:10),操作：(fileup),来源：(/Plugins/Ueditor/net/controller.ashx?action=uploadimage&encode=utf-8)
详情：(By:Global_CheckUpladFiles,文件名：淘宝店铺脸颊帖详情页_02.jpg)
/*-----------------------------------------------------------------------------------*/ 
 
操作人：(用户名:,管理员名:,IP:180.173.114.115)
时间：(2018/1/3 16:32:54),操作：(fileup),来源：(/Plugins/Ueditor/net/controller.ashx?action=uploadimage)
详情：(By:Global_CheckUpladFiles,文件名：淘宝店铺脸颊帖详情页_02.jpg)
/*-----------------------------------------------------------------------------------*/ 
 
操作人：(用户名:,管理员名:,IP:180.173.114.115)
时间：(2018/1/3 16:33:10),操作：(fileup),来源：(/Plugins/Ueditor/net/controller.ashx?action=uploadimage)
详情：(By:Global_CheckUpladFiles,文件名：淘宝店铺脸颊帖详情页_18.jpg)
/*-----------------------------------------------------------------------------------*/ 
 
操作人：(用户名:,管理员名:,IP:180.173.114.115)
时间：(2018/1/3 16:46:03),操作：(fileup),来源：(/Common/fileupload.aspx?FieldName=Clearimg&ModelID=6&NodeID=9)
详情：(By:Global_CheckUpladFiles,文件名：脸颊主图.jpg)
/*-----------------------------------------------------------------------------------*/ 
 
操作人：(用户名:,管理员名:,IP:180.173.114.115)
时间：(2018/1/3 16:46:12),操作：(fileup),来源：(/Common/fileupload.aspx?FieldName=Thumbnails&ModelID=6&NodeID=9)
详情：(By:Global_CheckUpladFiles,文件名：脸颊主图.jpg)
/*-----------------------------------------------------------------------------------*/ 
 
操作人：(用户名:,管理员名:,IP:180.173.114.115)
时间：(2018/1/3 16:50:06),操作：(fileup),来源：(/Common/fileupload.aspx?FieldName=Thumbnails&ModelID=6&NodeID=9)
详情：(By:Global_CheckUpladFiles,文件名：脸颊主图.jpg)
/*-----------------------------------------------------------------------------------*/ 
 
操作人：(用户名:,管理员名:,IP:180.173.114.115)
时间：(2018/1/3 16:50:09),操作：(fileup),来源：(/Common/fileupload.aspx?FieldName=Clearimg&ModelID=6&NodeID=9)
详情：(By:Global_CheckUpladFiles,文件名：_MG_5125.png)
/*-----------------------------------------------------------------------------------*/ 
 
操作人：(用户名:,管理员名:,IP:180.173.114.115)
时间：(2018/1/3 16:50:14),操作：(fileup),来源：(/Common/fileupload.aspx?FieldName=Clearimg&ModelID=6&NodeID=9)
详情：(By:Global_CheckUpladFiles,文件名：_MG_5125.png)
/*-----------------------------------------------------------------------------------*/ 
 
操作人：(用户名:,管理员名:,IP:180.173.114.115)
时间：(2018/1/3 17:16:26),操作：(fileup),来源：(/Plugins/Uploadify/UploadFileHandler.ashx?action=ModelFile&value=9&IsWater=0)
详情：(By:Global_CheckUpladFiles,文件名：IMG_1669.JPG)
/*-----------------------------------------------------------------------------------*/ 
 
操作人：(用户名:,管理员名:,IP:180.173.114.115)
时间：(2018/1/3 17:16:26),操作：(fileup),来源：(/Plugins/Uploadify/UploadFileHandler.ashx?action=ModelFile&value=9&IsWater=0)
详情：(By:Global_CheckUpladFiles,文件名：IMG_1667.JPG)
/*-----------------------------------------------------------------------------------*/ 
 
操作人：(用户名:,管理员名:,IP:180.173.114.115)
时间：(2018/1/3 17:16:26),操作：(fileup),来源：(/Plugins/Uploadify/UploadFileHandler.ashx?action=ModelFile&value=9&IsWater=0)
详情：(By:Global_CheckUpladFiles,文件名：脸颊新版图片.jpg)
/*-----------------------------------------------------------------------------------*/ 
 
操作人：(用户名:admin,管理员名:admin,IP:180.173.114.115)
时间：(2018/1/3 17:16:28),操作：(fileup),来源：(/Plugins/Uploadify/UploadFileHandler.ashx?action=ModelFile&value=9&IsWater=0)
详情：(上传成功|文件名:IMG_1667.JPG|保存路径:/UploadFiles/System/field/images/20180103/)
/*-----------------------------------------------------------------------------------*/ 
 
操作人：(用户名:admin,管理员名:admin,IP:180.173.114.115)
时间：(2018/1/3 17:16:28),操作：(fileup),来源：(/Plugins/Uploadify/UploadFileHandler.ashx?action=ModelFile&value=9&IsWater=0)
详情：(上传成功|文件名:脸颊新版图片.jpg|保存路径:/UploadFiles/System/field/images/20180103/)
/*-----------------------------------------------------------------------------------*/ 
 
操作人：(用户名:,管理员名:,IP:180.173.114.115)
时间：(2018/1/3 17:16:28),操作：(fileup),来源：(/Plugins/Uploadify/UploadFileHandler.ashx?action=ModelFile&value=9&IsWater=0)
详情：(By:Global_CheckUpladFiles,文件名：脸颊新版图片2.jpg)
/*-----------------------------------------------------------------------------------*/ 
 
操作人：(用户名:admin,管理员名:admin,IP:180.173.114.115)
时间：(2018/1/3 17:16:28),操作：(fileup),来源：(/Plugins/Uploadify/UploadFileHandler.ashx?action=ModelFile&value=9&IsWater=0)
详情：(上传成功|文件名:脸颊新版图片2.jpg|保存路径:/UploadFiles/System/field/images/20180103/)
/*-----------------------------------------------------------------------------------*/ 
 
操作人：(用户名:admin,管理员名:admin,IP:180.173.114.115)
时间：(2018/1/3 17:16:29),操作：(fileup),来源：(/Plugins/Uploadify/UploadFileHandler.ashx?action=ModelFile&value=9&IsWater=0)
详情：(上传成功|文件名:IMG_1669.JPG|保存路径:/UploadFiles/System/field/images/20180103/)
/*-----------------------------------------------------------------------------------*/ 
 
操作人：(用户名:,管理员名:,IP:180.173.114.115)
时间：(2018/1/3 17:28:19),操作：(fileup),来源：(/Common/fileupload.aspx?FieldName=Clearimg&ModelID=6&NodeID=9)
详情：(By:Global_CheckUpladFiles,文件名：虾青素单页转曲.png)
/*-----------------------------------------------------------------------------------*/ 
 
操作人：(用户名:,管理员名:,IP:180.173.114.115)
时间：(2018/1/3 17:28:26),操作：(fileup),来源：(/Common/fileupload.aspx?FieldName=Thumbnails&ModelID=6&NodeID=9)
详情：(By:Global_CheckUpladFiles,文件名：虾青素主图.jpg)
/*-----------------------------------------------------------------------------------*/ 
 
操作人：(用户名:,管理员名:,IP:180.173.114.115)
时间：(2018/1/3 17:43:44),操作：(fileup),来源：(/Common/fileupload.aspx?FieldName=Clearimg&ModelID=6&NodeID=9)
详情：(By:Global_CheckUpladFiles,文件名：全脸主图.jpg)
/*-----------------------------------------------------------------------------------*/ 
 
操作人：(用户名:,管理员名:,IP:180.173.114.115)
时间：(2018/1/3 17:43:46),操作：(fileup),来源：(/Common/fileupload.aspx?FieldName=Thumbnails&ModelID=6&NodeID=9)
详情：(By:Global_CheckUpladFiles,文件名：全脸主图.jpg)
/*-----------------------------------------------------------------------------------*/ 
 
操作人：(用户名:,管理员名:,IP:180.173.114.115)
时间：(2018/1/3 17:49:04),操作：(fileup),来源：(/Common/fileupload.aspx?FieldName=Thumbnails&ModelID=6&NodeID=9)
详情：(By:Global_CheckUpladFiles,文件名：全脸主图.jpg)
/*-----------------------------------------------------------------------------------*/ 
 
操作人：(用户名:,管理员名:,IP:180.173.114.115)
时间：(2018/1/3 17:49:08),操作：(fileup),来源：(/Common/fileupload.aspx?FieldName=Clearimg&ModelID=6&NodeID=9)
详情：(By:Global_CheckUpladFiles,文件名：全脸主图.jpg)
/*-----------------------------------------------------------------------------------*/ 
 
操作人：(用户名:,管理员名:,IP:110.152.51.163)
时间：(2018/1/18 1:23:11),操作：(fileup),来源：(/User/Com/SaveFile)
详情：(By:Global_CheckUpladFiles,文件名：913DF801-DD97-464C-961D-3EACCFB84E30.jpeg)
/*-----------------------------------------------------------------------------------*/ 
 
操作人：(用户名:,管理员名:,IP:222.214.18.125)
时间：(2018/1/21 19:14:08),操作：(fileup),来源：(/User/Com/SaveFile)
详情：(By:Global_CheckUpladFiles,文件名：magazine-unlock-01-2.3.862-_53aadd62a6674afcbb946aab0cb9f174.jpg)
/*-----------------------------------------------------------------------------------*/ 
 
操作人：(用户名:,管理员名:,IP:222.214.18.125)
时间：(2018/1/21 19:14:08),操作：(fileup),来源：(/User/Com/SaveFile)
详情：(By:Global_CheckUpladFiles,文件名：magazine-unlock-01-2.3.862-_53aadd62a6674afcbb946aab0cb9f174.jpg)
/*-----------------------------------------------------------------------------------*/ 
 
操作人：(用户名:,管理员名:,IP:222.214.18.125)
时间：(2018/1/21 19:14:08),操作：(fileup),来源：(/User/Com/SaveFile)
详情：(By:Global_CheckUpladFiles,文件名：magazine-unlock-01-2.3.862-_53aadd62a6674afcbb946aab0cb9f174.jpg)
/*-----------------------------------------------------------------------------------*/ 
 
操作人：(用户名:,管理员名:,IP:222.214.18.125)
时间：(2018/1/21 19:14:51),操作：(fileup),来源：(/User/Com/SaveFile)
详情：(By:Global_CheckUpladFiles,文件名：IMG_20160609_135131_1.jpg)
/*-----------------------------------------------------------------------------------*/ 
 
操作人：(用户名:,管理员名:,IP:222.214.18.125)
时间：(2018/1/21 22:05:53),操作：(fileup),来源：(/User/Com/SaveFile)
详情：(By:Global_CheckUpladFiles,文件名：IMG_20171001_182955.jpg)
/*-----------------------------------------------------------------------------------*/ 
 
操作人：(用户名:,管理员名:,IP:182.150.140.253)
时间：(2018/5/19 23:20:39),操作：(fileup),来源：(/User/Com/SaveFile)
详情：(By:Global_CheckUpladFiles,文件名：IMG_20170529_124649.jpg)
/*-----------------------------------------------------------------------------------*/ 
 
操作人：(用户名:,管理员名:,IP:172.87.222.87)
时间：(2018/6/6 3:42:58),操作：(fileup),来源：(/index.php/Home/AppUpload/commentUpload)
详情：(By:Global_CheckUpladFiles,文件名：Rose.php)
/*-----------------------------------------------------------------------------------*/ 
 
操作人：(用户名:,管理员名:,IP:180.110.181.99)
时间：(2018/6/13 14:20:35),操作：(fileup),来源：(/Plugins/Ueditor/net/controller.ashx?action=uploadimage)
详情：(By:Global_CheckUpladFiles,文件名：mmexport1528815131212.jpg)
/*-----------------------------------------------------------------------------------*/ 
 
操作人：(用户名:,管理员名:,IP:180.76.113.86)
时间：(2018/6/18 16:20:09),操作：(fileup),来源：(/include/dialog/select_soft_post.php)
详情：(By:Global_CheckUpladFiles,文件名：result.php)
/*-----------------------------------------------------------------------------------*/ 
 
操作人：(用户名:,管理员名:,IP:180.76.113.86)
时间：(2018/6/18 16:29:23),操作：(fileup),来源：(/include/dialog/select_soft_post.php)
详情：(By:Global_CheckUpladFiles,文件名：result.php)
/*-----------------------------------------------------------------------------------*/ 
 
操作人：(用户名:,管理员名:,IP:221.229.207.65)
时间：(2018/6/27 20:26:43),操作：(fileup),来源：(/FCKeditor/editor/filemanager/connectors/asp/connector.asp?Command=FileUpload&Type=File&CurrentFolder=%2F)
详情：(By:Global_CheckUpladFiles,文件名：nrd.asp;jpg)
/*-----------------------------------------------------------------------------------*/ 
 
操作人：(用户名:,管理员名:,IP:60.169.3.68)
时间：(2018/6/28 4:29:30),操作：(fileup),来源：(/FCKeditor/editor/filemanager/connectors/asp/connector.asp?Command=FileUpload&Type=File&CurrentFolder=%2F)
详情：(By:Global_CheckUpladFiles,文件名：qit.asp;jpg)
/*-----------------------------------------------------------------------------------*/ 
 
操作人：(用户名:,管理员名:,IP:14.204.124.135)
时间：(2018/7/12 20:17:53),操作：(fileup),来源：(/include/dialog/select_soft_post.php)
详情：(By:Global_CheckUpladFiles,文件名：asd.php)
/*-----------------------------------------------------------------------------------*/ 
 
操作人：(用户名:,管理员名:,IP:182.61.61.29)
时间：(2018/7/18 23:11:51),操作：(fileup),来源：(/include/dialog/select_soft_post.php)
详情：(By:Global_CheckUpladFiles,文件名：viamuz.php)
/*-----------------------------------------------------------------------------------*/ 
 
操作人：(用户名:,管理员名:,IP:14.204.88.232)
时间：(2018/7/22 2:14:36),操作：(fileup),来源：(/include/dialog/select_soft_post.php)
详情：(By:Global_CheckUpladFiles,文件名：asd.php)
/*-----------------------------------------------------------------------------------*/ 
 
操作人：(用户名:,管理员名:,IP:180.173.119.173)
时间：(2018/7/24 17:34:44),操作：(fileup),来源：(/Common/fileupload.aspx?FieldName=Clearimg&ModelID=6&NodeID=9)
详情：(By:Global_CheckUpladFiles,文件名：传明酸14袋装.jpg)
/*-----------------------------------------------------------------------------------*/ 
 
操作人：(用户名:,管理员名:,IP:96.44.183.124)
时间：(2018/7/28 19:43:11),操作：(fileup),来源：(/include/dialog/select_soft_post.php)
详情：(By:Global_CheckUpladFiles,文件名：asd.php)
/*-----------------------------------------------------------------------------------*/ 
 
操作人：(用户名:,管理员名:,IP:103.239.245.112)
时间：(2018/7/31 12:22:06),操作：(fileup),来源：(/index.php/Home/AppUpload/commentUpload)
详情：(By:Global_CheckUpladFiles,文件名：Rose.php)
/*-----------------------------------------------------------------------------------*/ 
 
操作人：(用户名:,管理员名:,IP:61.174.60.34)
时间：(2018/8/4 1:45:18),操作：(fileup),来源：(/index.php/Home/AppUpload/commentUpload)
详情：(By:Global_CheckUpladFiles,文件名：Rose.php)
/*-----------------------------------------------------------------------------------*/ 
 
操作人：(用户名:,管理员名:,IP:96.44.183.124)
时间：(2018/8/12 19:36:23),操作：(fileup),来源：(/include/dialog/select_soft_post.php)
详情：(By:Global_CheckUpladFiles,文件名：asd.php)
/*-----------------------------------------------------------------------------------*/ 
 
操作人：(用户名:,管理员名:,IP:117.163.224.26)
时间：(2018/8/16 1:03:22),操作：(fileup),来源：(/fckeditor/editor/filemanager/upload/php/upload.php?Type=Media)
详情：(By:Global_CheckUpladFiles,文件名：Hzllaga_Getshell.php)
/*-----------------------------------------------------------------------------------*/ 
 
操作人：(用户名:,管理员名:,IP:117.163.224.26)
时间：(2018/8/16 1:03:22),操作：(fileup),来源：(/fckeditor/editor/filemanager/connectors/php/connector.php?Command=FileUpload&Type=Media&CurrentFolder=%2FHzllaga_Getshell.php%00.gif)
详情：(By:Global_CheckUpladFiles,文件名：haihai.jpg)
/*-----------------------------------------------------------------------------------*/ 
 
操作人：(用户名:,管理员名:,IP:117.163.224.26)
时间：(2018/8/16 1:03:23),操作：(fileup),来源：(/admin_UploadDataHandler.ashx)
详情：(By:Global_CheckUpladFiles,文件名：20170215180046.jpg)
/*-----------------------------------------------------------------------------------*/ 
 
操作人：(用户名:,管理员名:,IP:117.163.224.26)
时间：(2018/8/16 1:03:23),操作：(fileup),来源：(/fckeditor/editor/filemanager/upload/aspx/upload.aspx?Type=Media)
详情：(By:Global_CheckUpladFiles,文件名：x.aspx)
/*-----------------------------------------------------------------------------------*/ 
 
