﻿操作人：(用户名:,管理员名:,IP:106.11.152.172)
时间：(2018/4/3 6:55:03),操作：(labelex),来源：(/user/Logout)
详情：(用户缓存出错:给定关键字不在字典中。)
/*-----------------------------------------------------------------------------------*/ 
 
操作人：(用户名:,管理员名:,IP:42.120.160.22)
时间：(2018/4/3 7:02:33),操作：(labelex),来源：(/user/Logout)
详情：(用户缓存出错:给定关键字不在字典中。)
/*-----------------------------------------------------------------------------------*/ 
 
操作人：(用户名:,管理员名:,IP:42.236.10.114)
时间：(2018/4/3 8:59:56),操作：(labelex),来源：(/Class_17/Default_1.aspx)
详情：(来源：B_CreateHtml,方法名：ContentLabelProc1,标签：{ZL.Label id="输出专家列表_分页" ShowNum="10" KeyWord="" /},报错：SelByLabel:OrderID DESC,报错:Message:列名 'ID' 不明确。
由于绑定错误，无法使用视图或函数 'ZL_Expert_View'。,SQL:SELECT COUNT(*) From ZL_Expert_View WHERE  Status=99 And ModelID=49 And (CompanyName like '%%' or Permissions like '%%'),SP:,备注：)
/*-----------------------------------------------------------------------------------*/ 
 
操作人：(用户名:,管理员名:,IP:144.52.190.177)
时间：(2018/4/3 9:55:24),操作：(labelex),来源：(/Class_11/NodeNews.aspx)
详情：(来源：B_CreateHtml,方法名：ContentLabelProc1,标签：{ZL.Label id="输出专家列表_分页" ShowNum="10" KeyWord="" /},报错：SelByLabel:OrderID DESC,报错:Message:列名 'ID' 不明确。
由于绑定错误，无法使用视图或函数 'ZL_Expert_View'。,SQL:SELECT COUNT(*) From ZL_Expert_View WHERE  Status=99 And ModelID=49 And (CompanyName like '%%' or Permissions like '%%'),SP:,备注：)
/*-----------------------------------------------------------------------------------*/ 
 
操作人：(用户名:,管理员名:,IP:61.151.178.166)
时间：(2018/4/3 9:56:24),操作：(labelex),来源：(/Class_11/NodeNews.aspx)
详情：(来源：B_CreateHtml,方法名：ContentLabelProc1,标签：{ZL.Label id="输出专家列表_分页" ShowNum="10" KeyWord="" /},报错：SelByLabel:OrderID DESC,报错:Message:列名 'ID' 不明确。
由于绑定错误，无法使用视图或函数 'ZL_Expert_View'。,SQL:SELECT COUNT(*) From ZL_Expert_View WHERE  Status=99 And ModelID=49 And (CompanyName like '%%' or Permissions like '%%'),SP:,备注：)
/*-----------------------------------------------------------------------------------*/ 
 
操作人：(用户名:,管理员名:,IP:116.233.116.201)
时间：(2018/4/3 13:21:01),操作：(labelex),来源：(/Item/60.aspx)
详情：(来源：B_CreateHtml,方法名：CreateHtml(),标签：,报错：XML 注释中不能包含“--”，并且“-”不能是最后一个字符。 第 30 行，位置 9。,备注：)
/*-----------------------------------------------------------------------------------*/ 
 
操作人：(用户名:,管理员名:,IP:115.194.121.145)
时间：(2018/4/3 16:54:38),操作：(labelex),来源：(/Class_11/NodeNews.aspx)
详情：(来源：B_CreateHtml,方法名：ContentLabelProc1,标签：{ZL.Label id="输出专家列表_分页" ShowNum="10" KeyWord="" /},报错：SelByLabel:OrderID DESC,报错:Message:列名 'ID' 不明确。
由于绑定错误，无法使用视图或函数 'ZL_Expert_View'。,SQL:SELECT COUNT(*) From ZL_Expert_View WHERE  Status=99 And ModelID=49 And (CompanyName like '%%' or Permissions like '%%'),SP:,备注：)
/*-----------------------------------------------------------------------------------*/ 
 
操作人：(用户名:,管理员名:,IP:115.194.121.145)
时间：(2018/4/3 16:54:55),操作：(labelex),来源：(/Class_11/NodeNews.aspx)
详情：(来源：B_CreateHtml,方法名：ContentLabelProc1,标签：{ZL.Label id="输出专家列表_分页" ShowNum="10" KeyWord="" /},报错：SelByLabel:OrderID DESC,报错:Message:列名 'ID' 不明确。
由于绑定错误，无法使用视图或函数 'ZL_Expert_View'。,SQL:SELECT COUNT(*) From ZL_Expert_View WHERE  Status=99 And ModelID=49 And (CompanyName like '%%' or Permissions like '%%'),SP:,备注：)
/*-----------------------------------------------------------------------------------*/ 
 
操作人：(用户名:,管理员名:,IP:223.104.63.109)
时间：(2018/4/3 17:40:13),操作：(labelex),来源：(/Class_11/NodeNews.aspx)
详情：(来源：B_CreateHtml,方法名：ContentLabelProc1,标签：{ZL.Label id="输出专家列表_分页" ShowNum="10" KeyWord="" /},报错：SelByLabel:OrderID DESC,报错:Message:列名 'ID' 不明确。
由于绑定错误，无法使用视图或函数 'ZL_Expert_View'。,SQL:SELECT COUNT(*) From ZL_Expert_View WHERE  Status=99 And ModelID=49 And (CompanyName like '%%' or Permissions like '%%'),SP:,备注：)
/*-----------------------------------------------------------------------------------*/ 
 
操作人：(用户名:,管理员名:,IP:101.226.225.84)
时间：(2018/4/3 17:41:13),操作：(labelex),来源：(/Class_11/NodeNews.aspx)
详情：(来源：B_CreateHtml,方法名：ContentLabelProc1,标签：{ZL.Label id="输出专家列表_分页" ShowNum="10" KeyWord="" /},报错：SelByLabel:OrderID DESC,报错:Message:列名 'ID' 不明确。
由于绑定错误，无法使用视图或函数 'ZL_Expert_View'。,SQL:SELECT COUNT(*) From ZL_Expert_View WHERE  Status=99 And ModelID=49 And (CompanyName like '%%' or Permissions like '%%'),SP:,备注：)
/*-----------------------------------------------------------------------------------*/ 
 
操作人：(用户名:,管理员名:,IP:106.2.236.146)
时间：(2018/4/3 22:03:41),操作：(labelex),来源：(/Item/19.aspx)
详情：(来源：B_CreateHtml,方法名：CreateHtml(),标签：,报错：XML 注释中不能包含“--”，并且“-”不能是最后一个字符。 第 30 行，位置 9。,备注：)
/*-----------------------------------------------------------------------------------*/ 
 
操作人：(用户名:,管理员名:,IP:101.226.226.221)
时间：(2018/4/3 22:04:41),操作：(labelex),来源：(/Item/19.aspx)
详情：(来源：B_CreateHtml,方法名：CreateHtml(),标签：,报错：XML 注释中不能包含“--”，并且“-”不能是最后一个字符。 第 30 行，位置 9。,备注：)
/*-----------------------------------------------------------------------------------*/ 
 
