操作人：(用户名:,管理员名:,IP:171.211.142.52)
时间：(2018/5/19 0:15:16),操作：(labelex),来源：(/Class_11/NodeNews.aspx)
详情：(来源：B_CreateHtml,方法名：ContentLabelProc1,标签：{ZL.Label id="输出专家列表_分页" ShowNum="10" KeyWord="" /},报错：SelByLabel:OrderID DESC,报错:Message:列名 'ID' 不明确。
由于绑定错误，无法使用视图或函数 'ZL_Expert_View'。,SQL:SELECT COUNT(*) From ZL_Expert_View WHERE  Status=99 And ModelID=49 And (CompanyName like '%%' or Permissions like '%%'),SP:,备注：)
/*-----------------------------------------------------------------------------------*/ 
 
操作人：(用户名:,管理员名:,IP:106.11.159.216)
时间：(2018/5/19 1:08:06),操作：(labelex),来源：(/Item/25.aspx)
详情：(来源：B_CreateHtml,方法名：CreateHtml(),标签：,报错：XML 注释中不能包含“--”，并且“-”不能是最后一个字符。 第 30 行，位置 9。,备注：)
/*-----------------------------------------------------------------------------------*/ 
 
操作人：(用户名:,管理员名:,IP:203.208.60.205)
时间：(2018/5/19 2:53:38),操作：(labelex),来源：(/Item/25.aspx)
详情：(来源：B_CreateHtml,方法名：CreateHtml(),标签：,报错：XML 注释中不能包含“--”，并且“-”不能是最后一个字符。 第 30 行，位置 9。,备注：)
/*-----------------------------------------------------------------------------------*/ 
 
操作人：(用户名:,管理员名:,IP:203.208.60.205)
时间：(2018/5/19 2:54:07),操作：(labelex),来源：(/Item/34.aspx)
详情：(来源：B_CreateHtml,方法名：CreateHtml(),标签：,报错：XML 注释中不能包含“--”，并且“-”不能是最后一个字符。 第 30 行，位置 9。,备注：)
/*-----------------------------------------------------------------------------------*/ 
 
操作人：(用户名:,管理员名:,IP:203.208.60.204)
时间：(2018/5/19 2:55:07),操作：(labelex),来源：(/Item/26.aspx)
详情：(来源：B_CreateHtml,方法名：CreateHtml(),标签：,报错：XML 注释中不能包含“--”，并且“-”不能是最后一个字符。 第 30 行，位置 9。,备注：)
/*-----------------------------------------------------------------------------------*/ 
 
操作人：(用户名:,管理员名:,IP:203.208.60.204)
时间：(2018/5/19 2:56:04),操作：(labelex),来源：(/Item/32.aspx)
详情：(来源：B_CreateHtml,方法名：CreateHtml(),标签：,报错：XML 注释中不能包含“--”，并且“-”不能是最后一个字符。 第 30 行，位置 9。,备注：)
/*-----------------------------------------------------------------------------------*/ 
 
操作人：(用户名:,管理员名:,IP:203.208.60.220)
时间：(2018/5/19 5:06:57),操作：(labelex),来源：(/Item/21.aspx)
详情：(来源：B_CreateHtml,方法名：CreateHtml(),标签：,报错：XML 注释中不能包含“--”，并且“-”不能是最后一个字符。 第 30 行，位置 9。,备注：)
/*-----------------------------------------------------------------------------------*/ 
 
操作人：(用户名:,管理员名:,IP:203.208.60.205)
时间：(2018/5/19 5:07:21),操作：(labelex),来源：(/Item/20.aspx)
详情：(来源：B_CreateHtml,方法名：CreateHtml(),标签：,报错：XML 注释中不能包含“--”，并且“-”不能是最后一个字符。 第 30 行，位置 9。,备注：)
/*-----------------------------------------------------------------------------------*/ 
 
操作人：(用户名:,管理员名:,IP:203.208.60.195)
时间：(2018/5/19 5:08:00),操作：(labelex),来源：(/Item/24.aspx)
详情：(来源：B_CreateHtml,方法名：CreateHtml(),标签：,报错：XML 注释中不能包含“--”，并且“-”不能是最后一个字符。 第 30 行，位置 9。,备注：)
/*-----------------------------------------------------------------------------------*/ 
 
操作人：(用户名:,管理员名:,IP:203.208.60.233)
时间：(2018/5/19 5:08:37),操作：(labelex),来源：(/Item/22.aspx)
详情：(来源：B_CreateHtml,方法名：CreateHtml(),标签：,报错：XML 注释中不能包含“--”，并且“-”不能是最后一个字符。 第 30 行，位置 9。,备注：)
/*-----------------------------------------------------------------------------------*/ 
 
操作人：(用户名:,管理员名:,IP:203.208.60.245)
时间：(2018/5/19 5:09:14),操作：(labelex),来源：(/Item/23.aspx)
详情：(来源：B_CreateHtml,方法名：CreateHtml(),标签：,报错：XML 注释中不能包含“--”，并且“-”不能是最后一个字符。 第 30 行，位置 9。,备注：)
/*-----------------------------------------------------------------------------------*/ 
 
操作人：(用户名:,管理员名:,IP:203.208.60.180)
时间：(2018/5/19 5:09:52),操作：(labelex),来源：(/Item/19.aspx)
详情：(来源：B_CreateHtml,方法名：CreateHtml(),标签：,报错：XML 注释中不能包含“--”，并且“-”不能是最后一个字符。 第 30 行，位置 9。,备注：)
/*-----------------------------------------------------------------------------------*/ 
 
操作人：(用户名:,管理员名:,IP:203.208.60.181)
时间：(2018/5/19 5:10:31),操作：(labelex),来源：(/Item/33.aspx)
详情：(来源：B_CreateHtml,方法名：CreateHtml(),标签：,报错：XML 注释中不能包含“--”，并且“-”不能是最后一个字符。 第 30 行，位置 9。,备注：)
/*-----------------------------------------------------------------------------------*/ 
 
操作人：(用户名:,管理员名:,IP:220.181.124.12)
时间：(2018/5/19 5:20:52),操作：(labelex),来源：(/Item/51.aspx)
详情：(来源：B_CreateHtml,方法名：CreateHtml(),标签：,报错：XML 注释中不能包含“--”，并且“-”不能是最后一个字符。 第 30 行，位置 9。,备注：)
/*-----------------------------------------------------------------------------------*/ 
 
操作人：(用户名:,管理员名:,IP:124.134.161.137)
时间：(2018/5/19 8:00:05),操作：(labelex),来源：(/Class_11/NodeNews.aspx)
详情：(来源：B_CreateHtml,方法名：ContentLabelProc1,标签：{ZL.Label id="输出专家列表_分页" ShowNum="10" KeyWord="" /},报错：SelByLabel:OrderID DESC,报错:Message:列名 'ID' 不明确。
由于绑定错误，无法使用视图或函数 'ZL_Expert_View'。,SQL:SELECT COUNT(*) From ZL_Expert_View WHERE  Status=99 And ModelID=49 And (CompanyName like '%%' or Permissions like '%%'),SP:,备注：)
/*-----------------------------------------------------------------------------------*/ 
 
操作人：(用户名:,管理员名:,IP:124.134.161.137)
时间：(2018/5/19 8:00:39),操作：(labelex),来源：(/Class_11/NodeNews.aspx)
详情：(来源：B_CreateHtml,方法名：ContentLabelProc1,标签：{ZL.Label id="输出专家列表_分页" ShowNum="10" KeyWord="" /},报错：SelByLabel:OrderID DESC,报错:Message:列名 'ID' 不明确。
由于绑定错误，无法使用视图或函数 'ZL_Expert_View'。,SQL:SELECT COUNT(*) From ZL_Expert_View WHERE  Status=99 And ModelID=49 And (CompanyName like '%%' or Permissions like '%%'),SP:,备注：)
/*-----------------------------------------------------------------------------------*/ 
 
操作人：(用户名:,管理员名:,IP:124.134.161.137)
时间：(2018/5/19 8:00:52),操作：(labelex),来源：(/Class_11/NodeNews.aspx)
详情：(来源：B_CreateHtml,方法名：ContentLabelProc1,标签：{ZL.Label id="输出专家列表_分页" ShowNum="10" KeyWord="" /},报错：SelByLabel:OrderID DESC,报错:Message:列名 'ID' 不明确。
由于绑定错误，无法使用视图或函数 'ZL_Expert_View'。,SQL:SELECT COUNT(*) From ZL_Expert_View WHERE  Status=99 And ModelID=49 And (CompanyName like '%%' or Permissions like '%%'),SP:,备注：)
/*-----------------------------------------------------------------------------------*/ 
 
操作人：(用户名:,管理员名:,IP:124.134.161.137)
时间：(2018/5/19 8:00:56),操作：(labelex),来源：(/Class_11/NodeNews.aspx?k=jjj)
详情：(来源：B_CreateHtml,方法名：ContentLabelProc1,标签：{ZL.Label id="输出专家列表_分页" ShowNum="10" KeyWord="jjj" /},报错：SelByLabel:OrderID DESC,报错:Message:列名 'ID' 不明确。
由于绑定错误，无法使用视图或函数 'ZL_Expert_View'。,SQL:SELECT COUNT(*) From ZL_Expert_View WHERE  Status=99 And ModelID=49 And (CompanyName like '%jjj%' or Permissions like '%jjj%'),SP:,备注：)
/*-----------------------------------------------------------------------------------*/ 
 
操作人：(用户名:,管理员名:,IP:124.134.161.137)
时间：(2018/5/19 8:00:58),操作：(labelex),来源：(/Class_11/NodeNews.aspx?k=jjj)
详情：(来源：B_CreateHtml,方法名：ContentLabelProc1,标签：{ZL.Label id="输出专家列表_分页" ShowNum="10" KeyWord="jjj" /},报错：SelByLabel:OrderID DESC,报错:Message:列名 'ID' 不明确。
由于绑定错误，无法使用视图或函数 'ZL_Expert_View'。,SQL:SELECT COUNT(*) From ZL_Expert_View WHERE  Status=99 And ModelID=49 And (CompanyName like '%jjj%' or Permissions like '%jjj%'),SP:,备注：)
/*-----------------------------------------------------------------------------------*/ 
 
操作人：(用户名:,管理员名:,IP:124.134.161.137)
时间：(2018/5/19 8:04:51),操作：(labelex),来源：(/Class_11/NodeNews.aspx)
详情：(来源：B_CreateHtml,方法名：ContentLabelProc1,标签：{ZL.Label id="输出专家列表_分页" ShowNum="10" KeyWord="" /},报错：SelByLabel:OrderID DESC,报错:Message:列名 'ID' 不明确。
由于绑定错误，无法使用视图或函数 'ZL_Expert_View'。,SQL:SELECT COUNT(*) From ZL_Expert_View WHERE  Status=99 And ModelID=49 And (CompanyName like '%%' or Permissions like '%%'),SP:,备注：)
/*-----------------------------------------------------------------------------------*/ 
 
操作人：(用户名:,管理员名:,IP:124.134.161.137)
时间：(2018/5/19 8:06:10),操作：(labelex),来源：(/Class_11/NodeNews.aspx)
详情：(来源：B_CreateHtml,方法名：ContentLabelProc1,标签：{ZL.Label id="输出专家列表_分页" ShowNum="10" KeyWord="" /},报错：SelByLabel:OrderID DESC,报错:Message:列名 'ID' 不明确。
由于绑定错误，无法使用视图或函数 'ZL_Expert_View'。,SQL:SELECT COUNT(*) From ZL_Expert_View WHERE  Status=99 And ModelID=49 And (CompanyName like '%%' or Permissions like '%%'),SP:,备注：)
/*-----------------------------------------------------------------------------------*/ 
 
操作人：(用户名:,管理员名:,IP:203.208.60.203)
时间：(2018/5/19 13:10:14),操作：(labelex),来源：(/Item/18.aspx)
详情：(来源：B_CreateHtml,方法名：CreateHtml(),标签：,报错：XML 注释中不能包含“--”，并且“-”不能是最后一个字符。 第 30 行，位置 9。,备注：)
/*-----------------------------------------------------------------------------------*/ 
 
操作人：(用户名:,管理员名:,IP:203.208.60.203)
时间：(2018/5/19 13:10:25),操作：(labelex),来源：(/Item/17.aspx)
详情：(来源：B_CreateHtml,方法名：CreateHtml(),标签：,报错：XML 注释中不能包含“--”，并且“-”不能是最后一个字符。 第 30 行，位置 9。,备注：)
/*-----------------------------------------------------------------------------------*/ 
 
操作人：(用户名:,管理员名:,IP:117.136.8.227)
时间：(2018/5/19 14:54:35),操作：(labelex),来源：(/Item/19.aspx)
详情：(来源：B_CreateHtml,方法名：CreateHtml(),标签：,报错：XML 注释中不能包含“--”，并且“-”不能是最后一个字符。 第 30 行，位置 9。,备注：)
/*-----------------------------------------------------------------------------------*/ 
 
操作人：(用户名:,管理员名:,IP:117.136.8.227)
时间：(2018/5/19 14:54:42),操作：(labelex),来源：(/Item/18.aspx)
详情：(来源：B_CreateHtml,方法名：CreateHtml(),标签：,报错：XML 注释中不能包含“--”，并且“-”不能是最后一个字符。 第 30 行，位置 9。,备注：)
/*-----------------------------------------------------------------------------------*/ 
 
操作人：(用户名:,管理员名:,IP:117.136.8.227)
时间：(2018/5/19 14:54:46),操作：(labelex),来源：(/Item/26.aspx)
详情：(来源：B_CreateHtml,方法名：CreateHtml(),标签：,报错：XML 注释中不能包含“--”，并且“-”不能是最后一个字符。 第 30 行，位置 9。,备注：)
/*-----------------------------------------------------------------------------------*/ 
 
操作人：(用户名:,管理员名:,IP:61.151.226.156)
时间：(2018/5/19 14:55:46),操作：(labelex),来源：(/Item/26.aspx)
详情：(来源：B_CreateHtml,方法名：CreateHtml(),标签：,报错：XML 注释中不能包含“--”，并且“-”不能是最后一个字符。 第 30 行，位置 9。,备注：)
/*-----------------------------------------------------------------------------------*/ 
 
操作人：(用户名:,管理员名:,IP:113.105.10.36)
时间：(2018/5/19 15:48:46),操作：(labelex),来源：(/Class_11/NodeNews.aspx)
详情：(来源：B_CreateHtml,方法名：ContentLabelProc1,标签：{ZL.Label id="输出专家列表_分页" ShowNum="10" KeyWord="" /},报错：SelByLabel:OrderID DESC,报错:Message:列名 'ID' 不明确。
由于绑定错误，无法使用视图或函数 'ZL_Expert_View'。,SQL:SELECT COUNT(*) From ZL_Expert_View WHERE  Status=99 And ModelID=49 And (CompanyName like '%%' or Permissions like '%%'),SP:,备注：)
/*-----------------------------------------------------------------------------------*/ 
 
操作人：(用户名:,管理员名:,IP:113.57.250.171)
时间：(2018/5/19 15:51:33),操作：(labelex),来源：(/Item/25.aspx)
详情：(来源：B_CreateHtml,方法名：CreateHtml(),标签：,报错：XML 注释中不能包含“--”，并且“-”不能是最后一个字符。 第 30 行，位置 9。,备注：)
/*-----------------------------------------------------------------------------------*/ 
 
操作人：(用户名:,管理员名:,IP:113.57.250.171)
时间：(2018/5/19 15:52:26),操作：(labelex),来源：(/Item/21.aspx)
详情：(来源：B_CreateHtml,方法名：CreateHtml(),标签：,报错：XML 注释中不能包含“--”，并且“-”不能是最后一个字符。 第 30 行，位置 9。,备注：)
/*-----------------------------------------------------------------------------------*/ 
 
操作人：(用户名:,管理员名:,IP:113.57.250.171)
时间：(2018/5/19 15:52:30),操作：(labelex),来源：(/Item/24.aspx)
详情：(来源：B_CreateHtml,方法名：CreateHtml(),标签：,报错：XML 注释中不能包含“--”，并且“-”不能是最后一个字符。 第 30 行，位置 9。,备注：)
/*-----------------------------------------------------------------------------------*/ 
 
操作人：(用户名:,管理员名:,IP:61.151.225.241)
时间：(2018/5/19 15:53:31),操作：(labelex),来源：(/Item/24.aspx)
详情：(来源：B_CreateHtml,方法名：CreateHtml(),标签：,报错：XML 注释中不能包含“--”，并且“-”不能是最后一个字符。 第 30 行，位置 9。,备注：)
/*-----------------------------------------------------------------------------------*/ 
 
操作人：(用户名:,管理员名:,IP:114.93.30.142)
时间：(2018/5/19 16:03:37),操作：(labelex),来源：(/Class_11/NodeNews.aspx)
详情：(来源：B_CreateHtml,方法名：ContentLabelProc1,标签：{ZL.Label id="输出专家列表_分页" ShowNum="10" KeyWord="" /},报错：SelByLabel:OrderID DESC,报错:Message:列名 'ID' 不明确。
由于绑定错误，无法使用视图或函数 'ZL_Expert_View'。,SQL:SELECT COUNT(*) From ZL_Expert_View WHERE  Status=99 And ModelID=49 And (CompanyName like '%%' or Permissions like '%%'),SP:,备注：)
/*-----------------------------------------------------------------------------------*/ 
 
操作人：(用户名:,管理员名:,IP:223.104.249.253)
时间：(2018/5/19 17:56:46),操作：(labelex),来源：(/Class_11/NodeNews.aspx)
详情：(来源：B_CreateHtml,方法名：ContentLabelProc1,标签：{ZL.Label id="输出专家列表_分页" ShowNum="10" KeyWord="" /},报错：SelByLabel:OrderID DESC,报错:Message:列名 'ID' 不明确。
由于绑定错误，无法使用视图或函数 'ZL_Expert_View'。,SQL:SELECT COUNT(*) From ZL_Expert_View WHERE  Status=99 And ModelID=49 And (CompanyName like '%%' or Permissions like '%%'),SP:,备注：)
/*-----------------------------------------------------------------------------------*/ 
 
操作人：(用户名:,管理员名:,IP:61.158.149.171)
时间：(2018/5/19 18:50:06),操作：(labelex),来源：(/Class_11/NodeNews.aspx)
详情：(来源：B_CreateHtml,方法名：ContentLabelProc1,标签：{ZL.Label id="输出专家列表_分页" ShowNum="10" KeyWord="" /},报错：SelByLabel:OrderID DESC,报错:Message:列名 'ID' 不明确。
由于绑定错误，无法使用视图或函数 'ZL_Expert_View'。,SQL:SELECT COUNT(*) From ZL_Expert_View WHERE  Status=99 And ModelID=49 And (CompanyName like '%%' or Permissions like '%%'),SP:,备注：)
/*-----------------------------------------------------------------------------------*/ 
 
操作人：(用户名:,管理员名:,IP:61.158.149.171)
时间：(2018/5/19 18:51:41),操作：(labelex),来源：(/Class_11/NodeNews.aspx)
详情：(来源：B_CreateHtml,方法名：ContentLabelProc1,标签：{ZL.Label id="输出专家列表_分页" ShowNum="10" KeyWord="" /},报错：SelByLabel:OrderID DESC,报错:Message:列名 'ID' 不明确。
由于绑定错误，无法使用视图或函数 'ZL_Expert_View'。,SQL:SELECT COUNT(*) From ZL_Expert_View WHERE  Status=99 And ModelID=49 And (CompanyName like '%%' or Permissions like '%%'),SP:,备注：)
/*-----------------------------------------------------------------------------------*/ 
 
操作人：(用户名:,管理员名:,IP:61.158.149.171)
时间：(2018/5/19 18:51:46),操作：(labelex),来源：(/Class_11/NodeNews.aspx?k=)
详情：(来源：B_CreateHtml,方法名：ContentLabelProc1,标签：{ZL.Label id="输出专家列表_分页" ShowNum="10" KeyWord="" /},报错：SelByLabel:OrderID DESC,报错:Message:列名 'ID' 不明确。
由于绑定错误，无法使用视图或函数 'ZL_Expert_View'。,SQL:SELECT COUNT(*) From ZL_Expert_View WHERE  Status=99 And ModelID=49 And (CompanyName like '%%' or Permissions like '%%'),SP:,备注：)
/*-----------------------------------------------------------------------------------*/ 
 
操作人：(用户名:,管理员名:,IP:61.158.149.171)
时间：(2018/5/19 18:52:00),操作：(labelex),来源：(/Class_11/NodeNews.aspx)
详情：(来源：B_CreateHtml,方法名：ContentLabelProc1,标签：{ZL.Label id="输出专家列表_分页" ShowNum="10" KeyWord="" /},报错：SelByLabel:OrderID DESC,报错:Message:列名 'ID' 不明确。
由于绑定错误，无法使用视图或函数 'ZL_Expert_View'。,SQL:SELECT COUNT(*) From ZL_Expert_View WHERE  Status=99 And ModelID=49 And (CompanyName like '%%' or Permissions like '%%'),SP:,备注：)
/*-----------------------------------------------------------------------------------*/ 
 
操作人：(用户名:,管理员名:,IP:203.208.60.177)
时间：(2018/5/19 21:50:59),操作：(labelex),来源：(/Item/3.aspx)
详情：(来源：B_CreateHtml,方法名：CreateHtml(),标签：,报错：XML 注释中不能包含“--”，并且“-”不能是最后一个字符。 第 30 行，位置 9。,备注：)
/*-----------------------------------------------------------------------------------*/ 
 
操作人：(用户名:,管理员名:,IP:203.208.60.239)
时间：(2018/5/19 21:51:05),操作：(labelex),来源：(/Item/15.aspx)
详情：(来源：B_CreateHtml,方法名：CreateHtml(),标签：,报错：XML 注释中不能包含“--”，并且“-”不能是最后一个字符。 第 30 行，位置 9。,备注：)
/*-----------------------------------------------------------------------------------*/ 
 
操作人：(用户名:,管理员名:,IP:110.84.171.228)
时间：(2018/5/19 21:57:13),操作：(labelex),来源：(/Item/19.aspx)
详情：(来源：B_CreateHtml,方法名：CreateHtml(),标签：,报错：XML 注释中不能包含“--”，并且“-”不能是最后一个字符。 第 30 行，位置 9。,备注：)
/*-----------------------------------------------------------------------------------*/ 
 
操作人：(用户名:,管理员名:,IP:203.208.60.187)
时间：(2018/5/19 22:43:33),操作：(labelex),来源：(/user/Logout)
详情：(用户缓存出错:给定关键字不在字典中。)
/*-----------------------------------------------------------------------------------*/ 
 
操作人：(用户名:,管理员名:,IP:182.150.140.253)
时间：(2018/5/19 23:15:46),操作：(labelex),来源：(/Class_11/NodeNews.aspx)
详情：(来源：B_CreateHtml,方法名：ContentLabelProc1,标签：{ZL.Label id="输出专家列表_分页" ShowNum="10" KeyWord="" /},报错：SelByLabel:OrderID DESC,报错:Message:列名 'ID' 不明确。
由于绑定错误，无法使用视图或函数 'ZL_Expert_View'。,SQL:SELECT COUNT(*) From ZL_Expert_View WHERE  Status=99 And ModelID=49 And (CompanyName like '%%' or Permissions like '%%'),SP:,备注：)
/*-----------------------------------------------------------------------------------*/ 
 
操作人：(用户名:,管理员名:,IP:182.150.140.253)
时间：(2018/5/19 23:15:55),操作：(labelex),来源：(/Class_11/NodeNews.aspx)
详情：(来源：B_CreateHtml,方法名：ContentLabelProc1,标签：{ZL.Label id="输出专家列表_分页" ShowNum="10" KeyWord="" /},报错：SelByLabel:OrderID DESC,报错:Message:列名 'ID' 不明确。
由于绑定错误，无法使用视图或函数 'ZL_Expert_View'。,SQL:SELECT COUNT(*) From ZL_Expert_View WHERE  Status=99 And ModelID=49 And (CompanyName like '%%' or Permissions like '%%'),SP:,备注：)
/*-----------------------------------------------------------------------------------*/ 
 
操作人：(用户名:,管理员名:,IP:182.150.140.253)
时间：(2018/5/19 23:16:01),操作：(labelex),来源：(/Class_11/NodeNews.aspx)
详情：(来源：B_CreateHtml,方法名：ContentLabelProc1,标签：{ZL.Label id="输出专家列表_分页" ShowNum="10" KeyWord="" /},报错：SelByLabel:OrderID DESC,报错:Message:列名 'ID' 不明确。
由于绑定错误，无法使用视图或函数 'ZL_Expert_View'。,SQL:SELECT COUNT(*) From ZL_Expert_View WHERE  Status=99 And ModelID=49 And (CompanyName like '%%' or Permissions like '%%'),SP:,备注：)
/*-----------------------------------------------------------------------------------*/ 
 
