操作人：(用户名:,管理员名:,IP:183.211.92.143)
时间：(2018/1/27 0:59:47),操作：(labelex),来源：(/Class_11/NodeNews.aspx)
详情：(来源：B_CreateHtml,方法名：ContentLabelProc1,标签：{ZL.Label id="输出专家列表_分页" ShowNum="10" KeyWord="" /},报错：SelByLabel:OrderID DESC,报错:Message:列名 'ID' 不明确。
由于绑定错误，无法使用视图或函数 'ZL_Expert_View'。,SQL:SELECT COUNT(*) From ZL_Expert_View WHERE  Status=99 And ModelID=49 And (CompanyName like '%%' or Permissions like '%%'),SP:,备注：)
/*-----------------------------------------------------------------------------------*/ 
 
操作人：(用户名:,管理员名:,IP:183.211.92.143)
时间：(2018/1/27 1:00:00),操作：(labelex),来源：(/Item/25.aspx)
详情：(来源：B_CreateHtml,方法名：CreateHtml(),标签：,报错：XML 注释中不能包含“--”，并且“-”不能是最后一个字符。 第 30 行，位置 9。,备注：)
/*-----------------------------------------------------------------------------------*/ 
 
操作人：(用户名:,管理员名:,IP:120.204.17.67)
时间：(2018/1/27 1:01:00),操作：(labelex),来源：(/Item/25.aspx)
详情：(来源：B_CreateHtml,方法名：CreateHtml(),标签：,报错：XML 注释中不能包含“--”，并且“-”不能是最后一个字符。 第 30 行，位置 9。,备注：)
/*-----------------------------------------------------------------------------------*/ 
 
操作人：(用户名:,管理员名:,IP:183.211.92.143)
时间：(2018/1/27 1:01:38),操作：(labelex),来源：(/Class_11/NodeNews.aspx)
详情：(来源：B_CreateHtml,方法名：ContentLabelProc1,标签：{ZL.Label id="输出专家列表_分页" ShowNum="10" KeyWord="" /},报错：SelByLabel:OrderID DESC,报错:Message:列名 'ID' 不明确。
由于绑定错误，无法使用视图或函数 'ZL_Expert_View'。,SQL:SELECT COUNT(*) From ZL_Expert_View WHERE  Status=99 And ModelID=49 And (CompanyName like '%%' or Permissions like '%%'),SP:,备注：)
/*-----------------------------------------------------------------------------------*/ 
 
操作人：(用户名:,管理员名:,IP:183.211.92.143)
时间：(2018/1/27 1:07:16),操作：(labelex),来源：(/Class_11/NodeNews.aspx)
详情：(来源：B_CreateHtml,方法名：ContentLabelProc1,标签：{ZL.Label id="输出专家列表_分页" ShowNum="10" KeyWord="" /},报错：SelByLabel:OrderID DESC,报错:Message:列名 'ID' 不明确。
由于绑定错误，无法使用视图或函数 'ZL_Expert_View'。,SQL:SELECT COUNT(*) From ZL_Expert_View WHERE  Status=99 And ModelID=49 And (CompanyName like '%%' or Permissions like '%%'),SP:,备注：)
/*-----------------------------------------------------------------------------------*/ 
 
操作人：(用户名:,管理员名:,IP:204.12.226.26)
时间：(2018/1/27 9:08:00),操作：(labelex),来源：(/Item/10.aspx)
详情：(来源：B_CreateHtml,方法名：CreateHtml(),标签：,报错：XML 注释中不能包含“--”，并且“-”不能是最后一个字符。 第 30 行，位置 9。,备注：)
/*-----------------------------------------------------------------------------------*/ 
 
操作人：(用户名:,管理员名:,IP:204.12.226.26)
时间：(2018/1/27 9:08:13),操作：(labelex),来源：(/Item/16.aspx)
详情：(来源：B_CreateHtml,方法名：CreateHtml(),标签：,报错：XML 注释中不能包含“--”，并且“-”不能是最后一个字符。 第 30 行，位置 9。,备注：)
/*-----------------------------------------------------------------------------------*/ 
 
操作人：(用户名:,管理员名:,IP:106.11.153.194)
时间：(2018/1/27 10:29:48),操作：(labelex),来源：(/Item/20.aspx)
详情：(来源：B_CreateHtml,方法名：CreateHtml(),标签：,报错：XML 注释中不能包含“--”，并且“-”不能是最后一个字符。 第 30 行，位置 9。,备注：)
/*-----------------------------------------------------------------------------------*/ 
 
操作人：(用户名:,管理员名:,IP:106.11.155.207)
时间：(2018/1/27 18:59:50),操作：(labelex),来源：(/Item/24.aspx)
详情：(来源：B_CreateHtml,方法名：CreateHtml(),标签：,报错：XML 注释中不能包含“--”，并且“-”不能是最后一个字符。 第 30 行，位置 9。,备注：)
/*-----------------------------------------------------------------------------------*/ 
 
操作人：(用户名:,管理员名:,IP:36.102.239.12)
时间：(2018/1/27 21:22:05),操作：(labelex),来源：(/Item/12.aspx)
详情：(来源：B_CreateHtml,方法名：CreateHtml(),标签：,报错：XML 注释中不能包含“--”，并且“-”不能是最后一个字符。 第 30 行，位置 9。,备注：)
/*-----------------------------------------------------------------------------------*/ 
 
操作人：(用户名:,管理员名:,IP:101.226.65.107)
时间：(2018/1/27 21:22:21),操作：(labelex),来源：(/Item/12.aspx)
详情：(来源：B_CreateHtml,方法名：CreateHtml(),标签：,报错：XML 注释中不能包含“--”，并且“-”不能是最后一个字符。 第 30 行，位置 9。,备注：)
/*-----------------------------------------------------------------------------------*/ 
 
操作人：(用户名:,管理员名:,IP:120.204.17.46)
时间：(2018/1/27 21:23:04),操作：(labelex),来源：(/Item/12.aspx)
详情：(来源：B_CreateHtml,方法名：CreateHtml(),标签：,报错：XML 注释中不能包含“--”，并且“-”不能是最后一个字符。 第 30 行，位置 9。,备注：)
/*-----------------------------------------------------------------------------------*/ 
 
操作人：(用户名:,管理员名:,IP:112.5.236.110)
时间：(2018/1/27 21:40:08),操作：(labelex),来源：(/Class_11/NodeNews.aspx)
详情：(来源：B_CreateHtml,方法名：ContentLabelProc1,标签：{ZL.Label id="输出专家列表_分页" ShowNum="10" KeyWord="" /},报错：SelByLabel:OrderID DESC,报错:Message:列名 'ID' 不明确。
由于绑定错误，无法使用视图或函数 'ZL_Expert_View'。,SQL:SELECT COUNT(*) From ZL_Expert_View WHERE  Status=99 And ModelID=49 And (CompanyName like '%%' or Permissions like '%%'),SP:,备注：)
/*-----------------------------------------------------------------------------------*/ 
 
操作人：(用户名:,管理员名:,IP:120.204.17.46)
时间：(2018/1/27 21:41:08),操作：(labelex),来源：(/Class_11/NodeNews.aspx)
详情：(来源：B_CreateHtml,方法名：ContentLabelProc1,标签：{ZL.Label id="输出专家列表_分页" ShowNum="10" KeyWord="" /},报错：SelByLabel:OrderID DESC,报错:Message:列名 'ID' 不明确。
由于绑定错误，无法使用视图或函数 'ZL_Expert_View'。,SQL:SELECT COUNT(*) From ZL_Expert_View WHERE  Status=99 And ModelID=49 And (CompanyName like '%%' or Permissions like '%%'),SP:,备注：)
/*-----------------------------------------------------------------------------------*/ 
 
操作人：(用户名:,管理员名:,IP:106.38.241.143)
时间：(2018/1/27 22:57:18),操作：(labelex),来源：(/Item/8.aspx)
详情：(来源：B_CreateHtml,方法名：CreateHtml(),标签：,报错：XML 注释中不能包含“--”，并且“-”不能是最后一个字符。 第 30 行，位置 9。,备注：)
/*-----------------------------------------------------------------------------------*/ 
 
操作人：(用户名:,管理员名:,IP:106.38.241.143)
时间：(2018/1/27 22:57:28),操作：(labelex),来源：(/Item/52.aspx)
详情：(来源：B_CreateHtml,方法名：CreateHtml(),标签：,报错：XML 注释中不能包含“--”，并且“-”不能是最后一个字符。 第 30 行，位置 9。,备注：)
/*-----------------------------------------------------------------------------------*/ 
 
