操作人：(用户名:,管理员名:,IP:106.38.241.163)
时间：(2018/7/9 2:31:34),操作：(labelex),来源：(/Item/60.aspx)
详情：(来源：B_CreateHtml,方法名：CreateHtml(),标签：,报错：XML 注释中不能包含“--”，并且“-”不能是最后一个字符。 第 30 行，位置 9。,备注：)
/*-----------------------------------------------------------------------------------*/ 
 
操作人：(用户名:,管理员名:,IP:106.11.155.61)
时间：(2018/7/9 3:49:30),操作：(labelex),来源：(/Item/24.aspx)
详情：(来源：B_CreateHtml,方法名：CreateHtml(),标签：,报错：XML 注释中不能包含“--”，并且“-”不能是最后一个字符。 第 30 行，位置 9。,备注：)
/*-----------------------------------------------------------------------------------*/ 
 
操作人：(用户名:,管理员名:,IP:117.136.73.114)
时间：(2018/7/9 5:32:33),操作：(labelex),来源：(/Class_11/NodeNews.aspx)
详情：(来源：B_CreateHtml,方法名：ContentLabelProc1,标签：{ZL.Label id="输出专家列表_分页" ShowNum="10" KeyWord="" /},报错：SelByLabel:OrderID DESC,报错:Message:列名 'ID' 不明确。
由于绑定错误，无法使用视图或函数 'ZL_Expert_View'。,SQL:SELECT COUNT(*) From ZL_Expert_View WHERE  Status=99 And ModelID=49 And (CompanyName like '%%' or Permissions like '%%'),SP:,备注：)
/*-----------------------------------------------------------------------------------*/ 
 
操作人：(用户名:,管理员名:,IP:216.244.66.229)
时间：(2018/7/9 5:40:33),操作：(labelex),来源：(/Item/52.aspx)
详情：(来源：B_CreateHtml,方法名：CreateHtml(),标签：,报错：XML 注释中不能包含“--”，并且“-”不能是最后一个字符。 第 30 行，位置 9。,备注：)
/*-----------------------------------------------------------------------------------*/ 
 
操作人：(用户名:,管理员名:,IP:117.136.0.229)
时间：(2018/7/9 9:29:30),操作：(labelex),来源：(/Class_11/NodeNews.aspx)
详情：(来源：B_CreateHtml,方法名：ContentLabelProc1,标签：{ZL.Label id="输出专家列表_分页" ShowNum="10" KeyWord="" /},报错：SelByLabel:OrderID DESC,报错:Message:列名 'ID' 不明确。
由于绑定错误，无法使用视图或函数 'ZL_Expert_View'。,SQL:SELECT COUNT(*) From ZL_Expert_View WHERE  Status=99 And ModelID=49 And (CompanyName like '%%' or Permissions like '%%'),SP:,备注：)
/*-----------------------------------------------------------------------------------*/ 
 
操作人：(用户名:,管理员名:,IP:172.241.112.83)
时间：(2018/7/9 12:05:35),操作：(labelex),来源：(/Item/27.aspx)
详情：(来源：B_CreateHtml,方法名：CreateHtml(),标签：,报错：XML 注释中不能包含“--”，并且“-”不能是最后一个字符。 第 30 行，位置 9。,备注：)
/*-----------------------------------------------------------------------------------*/ 
 
操作人：(用户名:,管理员名:,IP:117.131.10.254)
时间：(2018/7/9 17:29:43),操作：(labelex),来源：(/Item/60.aspx)
详情：(来源：B_CreateHtml,方法名：CreateHtml(),标签：,报错：XML 注释中不能包含“--”，并且“-”不能是最后一个字符。 第 30 行，位置 9。,备注：)
/*-----------------------------------------------------------------------------------*/ 
 
操作人：(用户名:,管理员名:,IP:46.4.52.175)
时间：(2018/7/9 19:01:21),操作：(labelex),来源：(/Item/20.aspx)
详情：(来源：B_CreateHtml,方法名：CreateHtml(),标签：,报错：XML 注释中不能包含“--”，并且“-”不能是最后一个字符。 第 30 行，位置 9。,备注：)
/*-----------------------------------------------------------------------------------*/ 
 
操作人：(用户名:,管理员名:,IP:46.4.52.175)
时间：(2018/7/9 19:01:23),操作：(labelex),来源：(/Item/22.aspx)
详情：(来源：B_CreateHtml,方法名：CreateHtml(),标签：,报错：XML 注释中不能包含“--”，并且“-”不能是最后一个字符。 第 30 行，位置 9。,备注：)
/*-----------------------------------------------------------------------------------*/ 
 
操作人：(用户名:,管理员名:,IP:46.4.52.175)
时间：(2018/7/9 19:01:25),操作：(labelex),来源：(/Item/24.aspx)
详情：(来源：B_CreateHtml,方法名：CreateHtml(),标签：,报错：XML 注释中不能包含“--”，并且“-”不能是最后一个字符。 第 30 行，位置 9。,备注：)
/*-----------------------------------------------------------------------------------*/ 
 
操作人：(用户名:,管理员名:,IP:117.136.66.78)
时间：(2018/7/9 20:06:52),操作：(labelex),来源：(/Item/25.aspx)
详情：(来源：B_CreateHtml,方法名：CreateHtml(),标签：,报错：XML 注释中不能包含“--”，并且“-”不能是最后一个字符。 第 30 行，位置 9。,备注：)
/*-----------------------------------------------------------------------------------*/ 
 
操作人：(用户名:,管理员名:,IP:117.185.117.57)
时间：(2018/7/9 20:07:53),操作：(labelex),来源：(/Item/25.aspx)
详情：(来源：B_CreateHtml,方法名：CreateHtml(),标签：,报错：XML 注释中不能包含“--”，并且“-”不能是最后一个字符。 第 30 行，位置 9。,备注：)
/*-----------------------------------------------------------------------------------*/ 
 
操作人：(用户名:,管理员名:,IP:42.236.49.145)
时间：(2018/7/9 21:06:35),操作：(labelex),来源：(/Item/26.aspx)
详情：(来源：B_CreateHtml,方法名：CreateHtml(),标签：,报错：XML 注释中不能包含“--”，并且“-”不能是最后一个字符。 第 30 行，位置 9。,备注：)
/*-----------------------------------------------------------------------------------*/ 
 
操作人：(用户名:,管理员名:,IP:42.236.10.113)
时间：(2018/7/9 21:06:35),操作：(labelex),来源：(/Item/32.aspx)
详情：(来源：B_CreateHtml,方法名：CreateHtml(),标签：,报错：XML 注释中不能包含“--”，并且“-”不能是最后一个字符。 第 30 行，位置 9。,备注：)
/*-----------------------------------------------------------------------------------*/ 
 
操作人：(用户名:,管理员名:,IP:42.236.10.103)
时间：(2018/7/9 21:06:35),操作：(labelex),来源：(/Item/24.aspx)
详情：(来源：B_CreateHtml,方法名：CreateHtml(),标签：,报错：XML 注释中不能包含“--”，并且“-”不能是最后一个字符。 第 30 行，位置 9。,备注：)
/*-----------------------------------------------------------------------------------*/ 
 
操作人：(用户名:,管理员名:,IP:42.236.49.173)
时间：(2018/7/9 21:06:35),操作：(labelex),来源：(/Item/11.aspx)
详情：(来源：B_CreateHtml,方法名：CreateHtml(),标签：,报错：XML 注释中不能包含“--”，并且“-”不能是最后一个字符。 第 30 行，位置 9。,备注：)
/*-----------------------------------------------------------------------------------*/ 
 
操作人：(用户名:,管理员名:,IP:42.236.10.110)
时间：(2018/7/9 21:06:35),操作：(labelex),来源：(/Item/30.aspx)
详情：(来源：B_CreateHtml,方法名：CreateHtml(),标签：,报错：XML 注释中不能包含“--”，并且“-”不能是最后一个字符。 第 30 行，位置 9。,备注：)
/*-----------------------------------------------------------------------------------*/ 
 
操作人：(用户名:,管理员名:,IP:42.236.49.75)
时间：(2018/7/9 21:06:35),操作：(labelex),来源：(/Item/29.aspx)
详情：(来源：B_CreateHtml,方法名：CreateHtml(),标签：,报错：XML 注释中不能包含“--”，并且“-”不能是最后一个字符。 第 30 行，位置 9。,备注：)
/*-----------------------------------------------------------------------------------*/ 
 
操作人：(用户名:,管理员名:,IP:42.236.102.166)
时间：(2018/7/9 21:06:36),操作：(labelex),来源：(/User/Logout?url=/Baike)
详情：(用户缓存出错:给定关键字不在字典中。)
/*-----------------------------------------------------------------------------------*/ 
 
操作人：(用户名:,管理员名:,IP:42.236.48.77)
时间：(2018/7/9 21:06:36),操作：(labelex),来源：(/Item/3.aspx)
详情：(来源：B_CreateHtml,方法名：CreateHtml(),标签：,报错：XML 注释中不能包含“--”，并且“-”不能是最后一个字符。 第 30 行，位置 9。,备注：)
/*-----------------------------------------------------------------------------------*/ 
 
操作人：(用户名:,管理员名:,IP:42.236.10.113)
时间：(2018/7/9 21:06:36),操作：(labelex),来源：(/Item/21.aspx)
详情：(来源：B_CreateHtml,方法名：CreateHtml(),标签：,报错：XML 注释中不能包含“--”，并且“-”不能是最后一个字符。 第 30 行，位置 9。,备注：)
/*-----------------------------------------------------------------------------------*/ 
 
操作人：(用户名:,管理员名:,IP:42.236.102.220)
时间：(2018/7/9 21:06:37),操作：(labelex),来源：(/Item/17.aspx)
详情：(来源：B_CreateHtml,方法名：CreateHtml(),标签：,报错：XML 注释中不能包含“--”，并且“-”不能是最后一个字符。 第 30 行，位置 9。,备注：)
/*-----------------------------------------------------------------------------------*/ 
 
操作人：(用户名:,管理员名:,IP:42.236.50.139)
时间：(2018/7/9 21:06:37),操作：(labelex),来源：(/Item/5.aspx)
详情：(来源：B_CreateHtml,方法名：CreateHtml(),标签：,报错：XML 注释中不能包含“--”，并且“-”不能是最后一个字符。 第 30 行，位置 9。,备注：)
/*-----------------------------------------------------------------------------------*/ 
 
操作人：(用户名:,管理员名:,IP:42.236.48.228)
时间：(2018/7/9 21:06:37),操作：(labelex),来源：(/Item/15.aspx)
详情：(来源：B_CreateHtml,方法名：CreateHtml(),标签：,报错：XML 注释中不能包含“--”，并且“-”不能是最后一个字符。 第 30 行，位置 9。,备注：)
/*-----------------------------------------------------------------------------------*/ 
 
操作人：(用户名:,管理员名:,IP:42.236.48.108)
时间：(2018/7/9 21:06:38),操作：(labelex),来源：(/Item/34.aspx)
详情：(来源：B_CreateHtml,方法名：CreateHtml(),标签：,报错：XML 注释中不能包含“--”，并且“-”不能是最后一个字符。 第 30 行，位置 9。,备注：)
/*-----------------------------------------------------------------------------------*/ 
 
操作人：(用户名:,管理员名:,IP:171.221.0.90)
时间：(2018/7/9 22:22:42),操作：(labelex),来源：(/Class_11/NodeNews.aspx)
详情：(来源：B_CreateHtml,方法名：ContentLabelProc1,标签：{ZL.Label id="输出专家列表_分页" ShowNum="10" KeyWord="" /},报错：SelByLabel:OrderID DESC,报错:Message:列名 'ID' 不明确。
由于绑定错误，无法使用视图或函数 'ZL_Expert_View'。,SQL:SELECT COUNT(*) From ZL_Expert_View WHERE  Status=99 And ModelID=49 And (CompanyName like '%%' or Permissions like '%%'),SP:,备注：)
/*-----------------------------------------------------------------------------------*/ 
 
操作人：(用户名:,管理员名:,IP:61.151.178.165)
时间：(2018/7/9 22:23:44),操作：(labelex),来源：(/Class_11/NodeNews.aspx)
详情：(来源：B_CreateHtml,方法名：ContentLabelProc1,标签：{ZL.Label id="输出专家列表_分页" ShowNum="10" KeyWord="" /},报错：SelByLabel:OrderID DESC,报错:Message:列名 'ID' 不明确。
由于绑定错误，无法使用视图或函数 'ZL_Expert_View'。,SQL:SELECT COUNT(*) From ZL_Expert_View WHERE  Status=99 And ModelID=49 And (CompanyName like '%%' or Permissions like '%%'),SP:,备注：)
/*-----------------------------------------------------------------------------------*/ 
 
操作人：(用户名:,管理员名:,IP:175.167.138.148)
时间：(2018/7/9 22:27:29),操作：(labelex),来源：(/Class_11/NodeNews.aspx)
详情：(来源：B_CreateHtml,方法名：ContentLabelProc1,标签：{ZL.Label id="输出专家列表_分页" ShowNum="10" KeyWord="" /},报错：SelByLabel:OrderID DESC,报错:Message:列名 'ID' 不明确。
由于绑定错误，无法使用视图或函数 'ZL_Expert_View'。,SQL:SELECT COUNT(*) From ZL_Expert_View WHERE  Status=99 And ModelID=49 And (CompanyName like '%%' or Permissions like '%%'),SP:,备注：)
/*-----------------------------------------------------------------------------------*/ 
 
操作人：(用户名:,管理员名:,IP:182.46.235.170)
时间：(2018/7/9 22:37:06),操作：(labelex),来源：(/Class_11/NodeNews.aspx)
详情：(来源：B_CreateHtml,方法名：ContentLabelProc1,标签：{ZL.Label id="输出专家列表_分页" ShowNum="10" KeyWord="" /},报错：SelByLabel:OrderID DESC,报错:Message:列名 'ID' 不明确。
由于绑定错误，无法使用视图或函数 'ZL_Expert_View'。,SQL:SELECT COUNT(*) From ZL_Expert_View WHERE  Status=99 And ModelID=49 And (CompanyName like '%%' or Permissions like '%%'),SP:,备注：)
/*-----------------------------------------------------------------------------------*/ 
 
操作人：(用户名:,管理员名:,IP:101.226.79.244)
时间：(2018/7/9 22:38:07),操作：(labelex),来源：(/Class_11/NodeNews.aspx)
详情：(来源：B_CreateHtml,方法名：ContentLabelProc1,标签：{ZL.Label id="输出专家列表_分页" ShowNum="10" KeyWord="" /},报错：SelByLabel:OrderID DESC,报错:Message:列名 'ID' 不明确。
由于绑定错误，无法使用视图或函数 'ZL_Expert_View'。,SQL:SELECT COUNT(*) From ZL_Expert_View WHERE  Status=99 And ModelID=49 And (CompanyName like '%%' or Permissions like '%%'),SP:,备注：)
/*-----------------------------------------------------------------------------------*/ 
 
