﻿操作人：(用户名:,管理员名:,IP:42.236.39.165)
时间：(2018/2/4 3:00:34),操作：(labelex),来源：(/Item/2.aspx)
详情：(来源：B_CreateHtml,方法名：CreateHtml(),标签：,报错：XML 注释中不能包含“--”，并且“-”不能是最后一个字符。 第 30 行，位置 9。,备注：)
/*-----------------------------------------------------------------------------------*/ 
 
操作人：(用户名:,管理员名:,IP:112.11.58.88)
时间：(2018/2/4 6:19:39),操作：(labelex),来源：(/Class_11/NodeNews.aspx)
详情：(来源：B_CreateHtml,方法名：ContentLabelProc1,标签：{ZL.Label id="输出专家列表_分页" ShowNum="10" KeyWord="" /},报错：SelByLabel:OrderID DESC,报错:Message:列名 'ID' 不明确。
由于绑定错误，无法使用视图或函数 'ZL_Expert_View'。,SQL:SELECT COUNT(*) From ZL_Expert_View WHERE  Status=99 And ModelID=49 And (CompanyName like '%%' or Permissions like '%%'),SP:,备注：)
/*-----------------------------------------------------------------------------------*/ 
 
操作人：(用户名:,管理员名:,IP:112.11.58.88)
时间：(2018/2/4 6:19:48),操作：(labelex),来源：(/Class_11/NodeNews.aspx)
详情：(来源：B_CreateHtml,方法名：ContentLabelProc1,标签：{ZL.Label id="输出专家列表_分页" ShowNum="10" KeyWord="" /},报错：SelByLabel:OrderID DESC,报错:Message:列名 'ID' 不明确。
由于绑定错误，无法使用视图或函数 'ZL_Expert_View'。,SQL:SELECT COUNT(*) From ZL_Expert_View WHERE  Status=99 And ModelID=49 And (CompanyName like '%%' or Permissions like '%%'),SP:,备注：)
/*-----------------------------------------------------------------------------------*/ 
 
操作人：(用户名:,管理员名:,IP:112.11.58.88)
时间：(2018/2/4 6:19:53),操作：(labelex),来源：(/Class_11/NodeNews.aspx)
详情：(来源：B_CreateHtml,方法名：ContentLabelProc1,标签：{ZL.Label id="输出专家列表_分页" ShowNum="10" KeyWord="" /},报错：SelByLabel:OrderID DESC,报错:Message:列名 'ID' 不明确。
由于绑定错误，无法使用视图或函数 'ZL_Expert_View'。,SQL:SELECT COUNT(*) From ZL_Expert_View WHERE  Status=99 And ModelID=49 And (CompanyName like '%%' or Permissions like '%%'),SP:,备注：)
/*-----------------------------------------------------------------------------------*/ 
 
操作人：(用户名:,管理员名:,IP:112.11.58.88)
时间：(2018/2/4 6:20:02),操作：(labelex),来源：(/Class_11/NodeNews.aspx)
详情：(来源：B_CreateHtml,方法名：ContentLabelProc1,标签：{ZL.Label id="输出专家列表_分页" ShowNum="10" KeyWord="" /},报错：SelByLabel:OrderID DESC,报错:Message:列名 'ID' 不明确。
由于绑定错误，无法使用视图或函数 'ZL_Expert_View'。,SQL:SELECT COUNT(*) From ZL_Expert_View WHERE  Status=99 And ModelID=49 And (CompanyName like '%%' or Permissions like '%%'),SP:,备注：)
/*-----------------------------------------------------------------------------------*/ 
 
操作人：(用户名:,管理员名:,IP:120.204.17.73)
时间：(2018/2/4 6:20:38),操作：(labelex),来源：(/Class_11/NodeNews.aspx)
详情：(来源：B_CreateHtml,方法名：ContentLabelProc1,标签：{ZL.Label id="输出专家列表_分页" ShowNum="10" KeyWord="" /},报错：SelByLabel:OrderID DESC,报错:Message:列名 'ID' 不明确。
由于绑定错误，无法使用视图或函数 'ZL_Expert_View'。,SQL:SELECT COUNT(*) From ZL_Expert_View WHERE  Status=99 And ModelID=49 And (CompanyName like '%%' or Permissions like '%%'),SP:,备注：)
/*-----------------------------------------------------------------------------------*/ 
 
操作人：(用户名:,管理员名:,IP:112.11.58.88)
时间：(2018/2/4 6:23:55),操作：(labelex),来源：(/Class_11/NodeNews.aspx)
详情：(来源：B_CreateHtml,方法名：ContentLabelProc1,标签：{ZL.Label id="输出专家列表_分页" ShowNum="10" KeyWord="" /},报错：SelByLabel:OrderID DESC,报错:Message:列名 'ID' 不明确。
由于绑定错误，无法使用视图或函数 'ZL_Expert_View'。,SQL:SELECT COUNT(*) From ZL_Expert_View WHERE  Status=99 And ModelID=49 And (CompanyName like '%%' or Permissions like '%%'),SP:,备注：)
/*-----------------------------------------------------------------------------------*/ 
 
操作人：(用户名:,管理员名:,IP:112.11.58.88)
时间：(2018/2/4 6:30:57),操作：(labelex),来源：(/Class_11/NodeNews.aspx)
详情：(来源：B_CreateHtml,方法名：ContentLabelProc1,标签：{ZL.Label id="输出专家列表_分页" ShowNum="10" KeyWord="" /},报错：SelByLabel:OrderID DESC,报错:Message:列名 'ID' 不明确。
由于绑定错误，无法使用视图或函数 'ZL_Expert_View'。,SQL:SELECT COUNT(*) From ZL_Expert_View WHERE  Status=99 And ModelID=49 And (CompanyName like '%%' or Permissions like '%%'),SP:,备注：)
/*-----------------------------------------------------------------------------------*/ 
 
操作人：(用户名:,管理员名:,IP:112.11.58.88)
时间：(2018/2/4 6:31:01),操作：(labelex),来源：(/Class_11/NodeNews.aspx)
详情：(来源：B_CreateHtml,方法名：ContentLabelProc1,标签：{ZL.Label id="输出专家列表_分页" ShowNum="10" KeyWord="" /},报错：SelByLabel:OrderID DESC,报错:Message:列名 'ID' 不明确。
由于绑定错误，无法使用视图或函数 'ZL_Expert_View'。,SQL:SELECT COUNT(*) From ZL_Expert_View WHERE  Status=99 And ModelID=49 And (CompanyName like '%%' or Permissions like '%%'),SP:,备注：)
/*-----------------------------------------------------------------------------------*/ 
 
操作人：(用户名:,管理员名:,IP:115.195.48.68)
时间：(2018/2/4 11:03:59),操作：(labelex),来源：(/Class_11/NodeNews.aspx)
详情：(来源：B_CreateHtml,方法名：ContentLabelProc1,标签：{ZL.Label id="输出专家列表_分页" ShowNum="10" KeyWord="" /},报错：SelByLabel:OrderID DESC,报错:Message:列名 'ID' 不明确。
由于绑定错误，无法使用视图或函数 'ZL_Expert_View'。,SQL:SELECT COUNT(*) From ZL_Expert_View WHERE  Status=99 And ModelID=49 And (CompanyName like '%%' or Permissions like '%%'),SP:,备注：)
/*-----------------------------------------------------------------------------------*/ 
 
操作人：(用户名:,管理员名:,IP:183.143.27.108)
时间：(2018/2/4 12:42:23),操作：(labelex),来源：(/Class_11/NodeNews.aspx)
详情：(来源：B_CreateHtml,方法名：ContentLabelProc1,标签：{ZL.Label id="输出专家列表_分页" ShowNum="10" KeyWord="" /},报错：SelByLabel:OrderID DESC,报错:Message:列名 'ID' 不明确。
由于绑定错误，无法使用视图或函数 'ZL_Expert_View'。,SQL:SELECT COUNT(*) From ZL_Expert_View WHERE  Status=99 And ModelID=49 And (CompanyName like '%%' or Permissions like '%%'),SP:,备注：)
/*-----------------------------------------------------------------------------------*/ 
 
操作人：(用户名:,管理员名:,IP:59.42.109.87)
时间：(2018/2/4 17:52:37),操作：(labelex),来源：(/Class_11/NodeNews.aspx)
详情：(来源：B_CreateHtml,方法名：ContentLabelProc1,标签：{ZL.Label id="输出专家列表_分页" ShowNum="10" KeyWord="" /},报错：SelByLabel:OrderID DESC,报错:Message:列名 'ID' 不明确。
由于绑定错误，无法使用视图或函数 'ZL_Expert_View'。,SQL:SELECT COUNT(*) From ZL_Expert_View WHERE  Status=99 And ModelID=49 And (CompanyName like '%%' or Permissions like '%%'),SP:,备注：)
/*-----------------------------------------------------------------------------------*/ 
 
